#
# There is insufficient memory for the Java Runtime Environment to continue.
# Native memory allocation (malloc) failed to allocate 1327856 bytes for Chunk::new
# Possible reasons:
#   The system is out of physical RAM or swap space
#   The process is running with CompressedOops enabled, and the Java Heap may be blocking the growth of the native heap
# Possible solutions:
#   Reduce memory load on the system
#   Increase physical memory or swap space
#   Check if swap backing store is full
#   Decrease Java heap size (-Xmx/-Xms)
#   Decrease number of Java threads
#   Decrease Java thread stack sizes (-Xss)
#   Set larger code cache with -XX:ReservedCodeCacheSize=
#   JVM is running with Unscaled Compressed Oops mode in which the Java heap is
#     placed in the first 4GB address space. The Java Heap base address is the
#     maximum limit for the native heap growth. Please use -XX:HeapBaseMinAddress
#     to set the Java Heap base and to place the Java Heap above 4GB virtual address.
# This output file may be truncated or incomplete.
#
#  Out of Memory Error (allocation.cpp:389), pid=1684, tid=0x0000000000003908
#
# JRE version: OpenJDK Runtime Environment (8.0_242-b01) (build 1.8.0_242-release-1644-b01)
# Java VM: OpenJDK 64-Bit Server VM (25.242-b01 mixed mode windows-amd64 compressed oops)
# Failed to write core dump. Minidumps are not enabled by default on client versions of Windows
#

---------------  T H R E A D  ---------------

Current thread (0x00000000199c4800):  JavaThread "C2 CompilerThread0" daemon [_thread_in_native, id=14600, stack(0x000000001b030000,0x000000001b130000)]

Stack: [0x000000001b030000,0x000000001b130000]
[error occurred during error reporting (printing stack bounds), id 0xc0000005]

Native frames: (J=compiled Java code, j=interpreted, Vv=VM code, C=native code)


Current CompileTask:
C2:   3187 2788       4       groovy.lang.MetaClassImpl$1MOPIter::methodNameAction (325 bytes)


---------------  P R O C E S S  ---------------

Java Threads: ( => current thread )
  0x000000001d3e7800 JavaThread "Cache worker for execution history cache (C:\Users\Advice\.gradle\caches\6.1.1\executionHistory)" [_thread_blocked, id=10592, stack(0x0000000021bf0000,0x0000000021cf0000)]
  0x000000001d3e4800 JavaThread "Cache worker for cache directory md-rule (C:\Users\Advice\.gradle\caches\6.1.1\md-rule)" [_thread_blocked, id=11984, stack(0x0000000021af0000,0x0000000021bf0000)]
  0x000000001d3e6000 JavaThread "Cache worker for cache directory md-supplier (C:\Users\Advice\.gradle\caches\6.1.1\md-supplier)" [_thread_blocked, id=15144, stack(0x00000000219f0000,0x0000000021af0000)]
  0x000000001d3e3800 JavaThread "Cache worker for file hash cache (C:\Users\Advice\Desktop\bt_Crytography\Cryptography\.gradle\6.1.1\fileHashes)" [_thread_blocked, id=12076, stack(0x00000000231c0000,0x00000000232c0000)]
  0x000000001d3e9000 JavaThread "Cache worker for checksums cache (C:\Users\Advice\Desktop\bt_Crytography\Cryptography\.gradle\checksums)" [_thread_blocked, id=13528, stack(0x00000000230c0000,0x00000000231c0000)]
  0x000000001d3e6800 JavaThread "Cache worker for file hash cache (C:\Users\Advice\.gradle\caches\6.1.1\fileHashes)" [_thread_blocked, id=280, stack(0x000000001f550000,0x000000001f650000)]
  0x000000001d3e3000 JavaThread "File lock request listener" [_thread_in_native, id=7708, stack(0x000000001f450000,0x000000001f550000)]
  0x000000001d625800 JavaThread "Cache worker for journal cache (C:\Users\Advice\.gradle\caches\journal-1)" [_thread_blocked, id=1028, stack(0x000000001f350000,0x000000001f450000)]
  0x000000001d317000 JavaThread "Thread-9" [_thread_blocked, id=15468, stack(0x000000001f050000,0x000000001f150000)]
  0x000000001d31e800 JavaThread "Stdin handler" [_thread_blocked, id=4072, stack(0x000000001ef50000,0x000000001f050000)]
  0x000000001d31e000 JavaThread "Asynchronous log dispatcher for DefaultDaemonConnection: socket connection from /127.0.0.1:57427 to /127.0.0.1:57428" [_thread_blocked, id=13440, stack(0x000000001ee50000,0x000000001ef50000)]
  0x000000001d2ee800 JavaThread "Daemon worker" [_thread_in_Java, id=13684, stack(0x000000001ed50000,0x000000001ee50000)]
  0x000000001d2eb800 JavaThread "Cancel handler" [_thread_blocked, id=9684, stack(0x000000001eb50000,0x000000001ec50000)]
  0x000000001d294800 JavaThread "Handler for socket connection from /127.0.0.1:57427 to /127.0.0.1:57428" [_thread_in_native, id=2788, stack(0x000000001e850000,0x000000001e950000)]
  0x000000001d28a800 JavaThread "Daemon" [_thread_blocked, id=14992, stack(0x000000001e750000,0x000000001e850000)]
  0x000000001d2f2800 JavaThread "Daemon periodic checks" [_thread_blocked, id=844, stack(0x000000001e650000,0x000000001e750000)]
  0x000000001d2f1800 JavaThread "Incoming local TCP Connector on port 57427" [_thread_in_native, id=14288, stack(0x000000001e410000,0x000000001e510000)]
  0x000000001d192000 JavaThread "Daemon health stats" [_thread_blocked, id=3044, stack(0x000000001ddd0000,0x000000001ded0000)]
  0x0000000019a4f800 JavaThread "Service Thread" daemon [_thread_blocked, id=7476, stack(0x000000001b430000,0x000000001b530000)]
  0x00000000199d2800 JavaThread "C1 CompilerThread3" daemon [_thread_blocked, id=15780, stack(0x000000001b330000,0x000000001b430000)]
  0x00000000199d1800 JavaThread "C2 CompilerThread2" daemon [_thread_in_native, id=7444, stack(0x000000001b230000,0x000000001b330000)]
  0x00000000199cd000 JavaThread "C2 CompilerThread1" daemon [_thread_in_native, id=15644, stack(0x000000001b130000,0x000000001b230000)]
=>0x00000000199c4800 JavaThread "C2 CompilerThread0" daemon [_thread_in_native, id=14600, stack(0x000000001b030000,0x000000001b130000)]
  0x00000000199c1800 JavaThread "Attach Listener" daemon [_thread_blocked, id=14396, stack(0x000000001af30000,0x000000001b030000)]
  0x00000000199c0000 JavaThread "Signal Dispatcher" daemon [_thread_blocked, id=14564, stack(0x000000001ae30000,0x000000001af30000)]
  0x000000000305b000 JavaThread "Finalizer" daemon [_thread_blocked, id=16028, stack(0x000000001ac30000,0x000000001ad30000)]
  0x00000000199b3000 JavaThread "Reference Handler" daemon [_thread_blocked, id=14480, stack(0x000000001ab30000,0x000000001ac30000)]
  0x0000000002f0e800 JavaThread "main" [_thread_blocked, id=5300, stack(0x0000000002d80000,0x0000000002e80000)]

Other Threads:
  0x00000000182c6000 VMThread [stack: 0x000000001aa30000,0x000000001ab30000] [id=3708]
  0x00000000199db000 WatcherThread [stack: 0x000000001b530000,0x000000001b630000] [id=15852]

VM state:not at safepoint (normal execution)

VM Mutex/Monitor currently owned by a thread: None

heap address: 0x0000000080000000, size: 2048 MB, Compressed Oops mode: 32-bit
Narrow klass base: 0x0000000000000000, Narrow klass shift: 3
Compressed class space size: 1073741824 Address: 0x0000000100000000

Heap:
 PSYoungGen      total 70656K, used 33872K [0x00000000d5580000, 0x00000000d9f80000, 0x0000000100000000)
  eden space 65536K, 51% used [0x00000000d5580000,0x00000000d7694000,0x00000000d9580000)
  from space 5120K, 0% used [0x00000000d9580000,0x00000000d9580000,0x00000000d9a80000)
  to   space 5120K, 0% used [0x00000000d9a80000,0x00000000d9a80000,0x00000000d9f80000)
 ParOldGen       total 74240K, used 15024K [0x0000000080000000, 0x0000000084880000, 0x00000000d5580000)
  object space 74240K, 20% used [0x0000000080000000,0x0000000080eac358,0x0000000084880000)
 Metaspace       used 36131K, capacity 37180K, committed 37296K, reserved 1081344K
  class space    used 4771K, capacity 5036K, committed 5040K, reserved 1048576K

Card table byte_map: [0x0000000012420000,0x0000000012830000] byte_map_base: 0x0000000012020000

Marking Bits: (ParMarkBitMap*) 0x0000000068f1f030
 Begin Bits: [0x00000000134e0000, 0x00000000154e0000)
 End Bits:   [0x00000000154e0000, 0x00000000174e0000)

Polling page: 0x0000000000f10000

CodeCache: size=245760Kb used=12231Kb max_used=12231Kb free=233528Kb
 bounds [0x0000000003060000, 0x0000000003c60000, 0x0000000012060000]
 total_blobs=3882 nmethods=3165 adapters=629
 compilation: enabled

Compilation events (10 events):
Event: 3.180 Thread 0x00000000199d2800 3166       3       groovyjarjarasm.asm.Frame::getAbstractTypeFromDescriptor (415 bytes)
Event: 3.180 Thread 0x00000000199d2800 nmethod 3166 0x0000000003c50350 code [0x0000000003c505c0, 0x0000000003c515a8]
Event: 3.180 Thread 0x00000000199d2800 3167       3       groovyjarjarasm.asm.SymbolTable$Entry::<init> (18 bytes)
Event: 3.180 Thread 0x00000000199d2800 nmethod 3167 0x0000000003c51bd0 code [0x0000000003c51d40, 0x0000000003c51f08]
Event: 3.182 Thread 0x00000000199d2800 3168       3       sun.misc.ProxyGenerator$MethodInfo::<init> (86 bytes)
Event: 3.183 Thread 0x00000000199d2800 nmethod 3168 0x0000000003c51fd0 code [0x0000000003c52220, 0x0000000003c52ca8]
Event: 3.183 Thread 0x00000000199d2800 3169       3       sun.misc.ProxyGenerator::access$1700 (7 bytes)
Event: 3.183 Thread 0x00000000199d2800 nmethod 3169 0x0000000003c53310 code [0x0000000003c53480, 0x0000000003c535e8]
Event: 3.183 Thread 0x00000000199d2800 3170       3       sun.misc.ProxyGenerator::codeClassForName (41 bytes)
Event: 3.184 Thread 0x00000000199d2800 nmethod 3170 0x0000000003c536d0 code [0x0000000003c53a20, 0x0000000003c55118]

GC Heap History (10 events):
Event: 1.955 GC heap before
{Heap before GC invocations=7 (full 1):
 PSYoungGen      total 70656K, used 5104K [0x00000000d5580000, 0x00000000d9f80000, 0x0000000100000000)
  eden space 65536K, 0% used [0x00000000d5580000,0x00000000d5580000,0x00000000d9580000)
  from space 5120K, 99% used [0x00000000d9a80000,0x00000000d9f7c020,0x00000000d9f80000)
  to   space 5120K, 0% used [0x00000000d9580000,0x00000000d9580000,0x00000000d9a80000)
 ParOldGen       total 86016K, used 11287K [0x0000000080000000, 0x0000000085400000, 0x00000000d5580000)
  object space 86016K, 13% used [0x0000000080000000,0x0000000080b05d28,0x0000000085400000)
 Metaspace       used 20572K, capacity 21214K, committed 21296K, reserved 1067008K
  class space    used 2892K, capacity 3093K, committed 3120K, reserved 1048576K
Event: 1.979 GC heap after
Heap after GC invocations=7 (full 1):
 PSYoungGen      total 70656K, used 0K [0x00000000d5580000, 0x00000000d9f80000, 0x0000000100000000)
  eden space 65536K, 0% used [0x00000000d5580000,0x00000000d5580000,0x00000000d9580000)
  from space 5120K, 0% used [0x00000000d9a80000,0x00000000d9a80000,0x00000000d9f80000)
  to   space 5120K, 0% used [0x00000000d9580000,0x00000000d9580000,0x00000000d9a80000)
 ParOldGen       total 53248K, used 7810K [0x0000000080000000, 0x0000000083400000, 0x00000000d5580000)
  object space 53248K, 14% used [0x0000000080000000,0x00000000807a0b20,0x0000000083400000)
 Metaspace       used 20572K, capacity 21214K, committed 21296K, reserved 1067008K
  class space    used 2892K, capacity 3093K, committed 3120K, reserved 1048576K
}
Event: 2.398 GC heap before
{Heap before GC invocations=8 (full 1):
 PSYoungGen      total 70656K, used 65536K [0x00000000d5580000, 0x00000000d9f80000, 0x0000000100000000)
  eden space 65536K, 100% used [0x00000000d5580000,0x00000000d9580000,0x00000000d9580000)
  from space 5120K, 0% used [0x00000000d9a80000,0x00000000d9a80000,0x00000000d9f80000)
  to   space 5120K, 0% used [0x00000000d9580000,0x00000000d9580000,0x00000000d9a80000)
 ParOldGen       total 53248K, used 7810K [0x0000000080000000, 0x0000000083400000, 0x00000000d5580000)
  object space 53248K, 14% used [0x0000000080000000,0x00000000807a0b20,0x0000000083400000)
 Metaspace       used 28090K, capacity 28832K, committed 28976K, reserved 1075200K
  class space    used 3879K, capacity 4135K, committed 4144K, reserved 1048576K
Event: 2.403 GC heap after
Heap after GC invocations=8 (full 1):
 PSYoungGen      total 70656K, used 5116K [0x00000000d5580000, 0x00000000d9f80000, 0x0000000100000000)
  eden space 65536K, 0% used [0x00000000d5580000,0x00000000d5580000,0x00000000d9580000)
  from space 5120K, 99% used [0x00000000d9580000,0x00000000d9a7f308,0x00000000d9a80000)
  to   space 5120K, 0% used [0x00000000d9a80000,0x00000000d9a80000,0x00000000d9f80000)
 ParOldGen       total 53248K, used 10798K [0x0000000080000000, 0x0000000083400000, 0x00000000d5580000)
  object space 53248K, 20% used [0x0000000080000000,0x0000000080a8bbd8,0x0000000083400000)
 Metaspace       used 28090K, capacity 28832K, committed 28976K, reserved 1075200K
  class space    used 3879K, capacity 4135K, committed 4144K, reserved 1048576K
}
Event: 2.843 GC heap before
{Heap before GC invocations=9 (full 1):
 PSYoungGen      total 70656K, used 70652K [0x00000000d5580000, 0x00000000d9f80000, 0x0000000100000000)
  eden space 65536K, 100% used [0x00000000d5580000,0x00000000d9580000,0x00000000d9580000)
  from space 5120K, 99% used [0x00000000d9580000,0x00000000d9a7f308,0x00000000d9a80000)
  to   space 5120K, 0% used [0x00000000d9a80000,0x00000000d9a80000,0x00000000d9f80000)
 ParOldGen       total 53248K, used 10798K [0x0000000080000000, 0x0000000083400000, 0x00000000d5580000)
  object space 53248K, 20% used [0x0000000080000000,0x0000000080a8bbd8,0x0000000083400000)
 Metaspace       used 33418K, capacity 34276K, committed 34480K, reserved 1079296K
  class space    used 4477K, capacity 4737K, committed 4784K, reserved 1048576K
Event: 2.848 GC heap after
Heap after GC invocations=9 (full 1):
 PSYoungGen      total 70656K, used 5092K [0x00000000d5580000, 0x00000000d9f80000, 0x0000000100000000)
  eden space 65536K, 0% used [0x00000000d5580000,0x00000000d5580000,0x00000000d9580000)
  from space 5120K, 99% used [0x00000000d9a80000,0x00000000d9f790a0,0x00000000d9f80000)
  to   space 5120K, 0% used [0x00000000d9580000,0x00000000d9580000,0x00000000d9a80000)
 ParOldGen       total 53248K, used 15089K [0x0000000080000000, 0x0000000083400000, 0x00000000d5580000)
  object space 53248K, 28% used [0x0000000080000000,0x0000000080ebc580,0x0000000083400000)
 Metaspace       used 33418K, capacity 34276K, committed 34480K, reserved 1079296K
  class space    used 4477K, capacity 4737K, committed 4784K, reserved 1048576K
}
Event: 2.957 GC heap before
{Heap before GC invocations=10 (full 1):
 PSYoungGen      total 70656K, used 14818K [0x00000000d5580000, 0x00000000d9f80000, 0x0000000100000000)
  eden space 65536K, 14% used [0x00000000d5580000,0x00000000d5eff788,0x00000000d9580000)
  from space 5120K, 99% used [0x00000000d9a80000,0x00000000d9f790a0,0x00000000d9f80000)
  to   space 5120K, 0% used [0x00000000d9580000,0x00000000d9580000,0x00000000d9a80000)
 ParOldGen       total 53248K, used 15089K [0x0000000080000000, 0x0000000083400000, 0x00000000d5580000)
  object space 53248K, 28% used [0x0000000080000000,0x0000000080ebc580,0x0000000083400000)
 Metaspace       used 34577K, capacity 35394K, committed 35496K, reserved 1079296K
  class space    used 4596K, capacity 4847K, committed 4912K, reserved 1048576K
Event: 2.962 GC heap after
Heap after GC invocations=10 (full 1):
 PSYoungGen      total 70656K, used 5120K [0x00000000d5580000, 0x00000000d9f80000, 0x0000000100000000)
  eden space 65536K, 0% used [0x00000000d5580000,0x00000000d5580000,0x00000000d9580000)
  from space 5120K, 100% used [0x00000000d9580000,0x00000000d9a80000,0x00000000d9a80000)
  to   space 5120K, 0% used [0x00000000d9a80000,0x00000000d9a80000,0x00000000d9f80000)
 ParOldGen       total 53248K, used 16676K [0x0000000080000000, 0x0000000083400000, 0x00000000d5580000)
  object space 53248K, 31% used [0x0000000080000000,0x0000000081049028,0x0000000083400000)
 Metaspace       used 34577K, capacity 35394K, committed 35496K, reserved 1079296K
  class space    used 4596K, capacity 4847K, committed 4912K, reserved 1048576K
}
Event: 2.962 GC heap before
{Heap before GC invocations=11 (full 2):
 PSYoungGen      total 70656K, used 5120K [0x00000000d5580000, 0x00000000d9f80000, 0x0000000100000000)
  eden space 65536K, 0% used [0x00000000d5580000,0x00000000d5580000,0x00000000d9580000)
  from space 5120K, 100% used [0x00000000d9580000,0x00000000d9a80000,0x00000000d9a80000)
  to   space 5120K, 0% used [0x00000000d9a80000,0x00000000d9a80000,0x00000000d9f80000)
 ParOldGen       total 53248K, used 16676K [0x0000000080000000, 0x0000000083400000, 0x00000000d5580000)
  object space 53248K, 31% used [0x0000000080000000,0x0000000081049028,0x0000000083400000)
 Metaspace       used 34577K, capacity 35394K, committed 35496K, reserved 1079296K
  class space    used 4596K, capacity 4847K, committed 4912K, reserved 1048576K
Event: 2.989 GC heap after
Heap after GC invocations=11 (full 2):
 PSYoungGen      total 70656K, used 0K [0x00000000d5580000, 0x00000000d9f80000, 0x0000000100000000)
  eden space 65536K, 0% used [0x00000000d5580000,0x00000000d5580000,0x00000000d9580000)
  from space 5120K, 0% used [0x00000000d9580000,0x00000000d9580000,0x00000000d9a80000)
  to   space 5120K, 0% used [0x00000000d9a80000,0x00000000d9a80000,0x00000000d9f80000)
 ParOldGen       total 74240K, used 15024K [0x0000000080000000, 0x0000000084880000, 0x00000000d5580000)
  object space 74240K, 20% used [0x0000000080000000,0x0000000080eac358,0x0000000084880000)
 Metaspace       used 34565K, capacity 35378K, committed 35496K, reserved 1079296K
  class space    used 4592K, capacity 4843K, committed 4912K, reserved 1048576K
}

Deoptimization events (10 events):
Event: 2.383 Thread 0x000000001d2ee800 Uncommon trap: reason=unstable_if action=reinterpret pc=0x00000000035328b8 method=java.lang.String.regionMatches(ZILjava/lang/String;II)Z @ 41
Event: 2.404 Thread 0x00000000199b3000 Uncommon trap: reason=unstable_if action=reinterpret pc=0x0000000003571b7c method=java.lang.ref.Reference.tryHandlePending(Z)Z @ 104
Event: 2.622 Thread 0x000000001d2ee800 Uncommon trap: reason=unstable_if action=reinterpret pc=0x00000000035d00bc method=jdk.internal.org.objectweb.asm.Type.getArgumentsAndReturnSizes(Ljava/lang/String;)I @ 88
Event: 2.819 Thread 0x000000001d2ee800 Uncommon trap: reason=unstable_if action=reinterpret pc=0x0000000003787bbc method=java.io.BufferedInputStream.read([BII)I @ 56
Event: 2.823 Thread 0x000000001d2ee800 Uncommon trap: reason=unstable_if action=reinterpret pc=0x0000000003785668 method=sun.misc.MetaIndex.mayContain(Ljava/lang/String;)Z @ 38
Event: 2.835 Thread 0x000000001d2ee800 Uncommon trap: reason=unstable_if action=reinterpret pc=0x0000000003783b70 method=sun.misc.MetaIndex.mayContain(Ljava/lang/String;)Z @ 38
Event: 3.013 Thread 0x000000001d2ee800 Uncommon trap: reason=unstable_if action=reinterpret pc=0x0000000003a22480 method=java.io.StringReader.read()I @ 19
Event: 3.078 Thread 0x000000001d2ee800 Uncommon trap: reason=unstable_if action=reinterpret pc=0x0000000003943800 method=org.objectweb.asm.ByteVector.putShort(I)Lorg/objectweb/asm/ByteVector; @ 13
Event: 3.087 Thread 0x000000001d2ee800 Uncommon trap: reason=unstable_if action=reinterpret pc=0x0000000003a031e8 method=java.lang.ClassValue.match(Ljava/lang/ClassValue$Entry;)Z @ 12
Event: 3.098 Thread 0x000000001d2ee800 Uncommon trap: reason=unstable_if action=reinterpret pc=0x0000000003763360 method=sun.misc.URLClassPath$JarLoader.getResource(Ljava/lang/String;ZLjava/util/Set;)Lsun/misc/Resource; @ 17

Classes redefined (0 events):
No events

Internal exceptions (10 events):
Event: 3.157 Thread 0x000000001d2ee800 Exception <a 'java/lang/ClassNotFoundException': org/jetbrains/plugins/gradle/tooling/builder/ExternalTestsModelBuilderImplBeanInfo> (0x00000000d70ce210) thrown at [C:\src\AOSP-openjdk-git\hotspot\src\share\vm\classfile\systemDictionary.cpp, line 210]
Event: 3.157 Thread 0x000000001d2ee800 Exception <a 'java/lang/ClassNotFoundException': org/jetbrains/plugins/gradle/tooling/builder/ExternalTestsModelBuilderImplCustomizer> (0x00000000d70dcf18) thrown at [C:\src\AOSP-openjdk-git\hotspot\src\share\vm\classfile\systemDictionary.cpp, line 210]
Event: 3.170 Thread 0x000000001d2ee800 Exception <a 'java/lang/ClassNotFoundException': org/jetbrains/plugins/gradle/tooling/builder/ProjectExtensionsDataBuilderImplBeanInfo> (0x00000000d7369b78) thrown at [C:\src\AOSP-openjdk-git\hotspot\src\share\vm\classfile\systemDictionary.cpp, line 210]
Event: 3.171 Thread 0x000000001d2ee800 Exception <a 'java/lang/ClassNotFoundException': org/jetbrains/plugins/gradle/tooling/builder/ProjectExtensionsDataBuilderImplCustomizer> (0x00000000d7378ba8) thrown at [C:\src\AOSP-openjdk-git\hotspot\src\share\vm\classfile\systemDictionary.cpp, line 210
Event: 3.172 Thread 0x000000001d2ee800 Exception <a 'java/lang/ClassNotFoundException': org/jetbrains/plugins/gradle/tooling/builder/IntelliJSettingsBuilderBeanInfo> (0x00000000d73b8708) thrown at [C:\src\AOSP-openjdk-git\hotspot\src\share\vm\classfile\systemDictionary.cpp, line 210]
Event: 3.172 Thread 0x000000001d2ee800 Exception <a 'java/lang/ClassNotFoundException': org/jetbrains/plugins/gradle/tooling/builder/IntelliJSettingsBuilderCustomizer> (0x00000000d73c6d18) thrown at [C:\src\AOSP-openjdk-git\hotspot\src\share\vm\classfile\systemDictionary.cpp, line 210]
Event: 3.173 Thread 0x000000001d2ee800 Exception <a 'java/lang/ClassNotFoundException': org/jetbrains/plugins/gradle/tooling/builder/IntelliJProjectSettingsBuilderBeanInfo> (0x00000000d7407950) thrown at [C:\src\AOSP-openjdk-git\hotspot\src\share\vm\classfile\systemDictionary.cpp, line 210]
Event: 3.174 Thread 0x000000001d2ee800 Exception <a 'java/lang/ClassNotFoundException': org/jetbrains/plugins/gradle/tooling/builder/IntelliJProjectSettingsBuilderCustomizer> (0x00000000d7416808) thrown at [C:\src\AOSP-openjdk-git\hotspot\src\share\vm\classfile\systemDictionary.cpp, line 210]
Event: 3.178 Thread 0x000000001d2ee800 Exception <a 'java/lang/ClassNotFoundException': java/util/concurrent/CopyOnWriteArrayListBeanInfo> (0x00000000d75968f8) thrown at [C:\src\AOSP-openjdk-git\hotspot\src\share\vm\classfile\systemDictionary.cpp, line 210]
Event: 3.179 Thread 0x000000001d2ee800 Exception <a 'java/lang/ClassNotFoundException': java/util/concurrent/CopyOnWriteArrayListCustomizer> (0x00000000d759ed90) thrown at [C:\src\AOSP-openjdk-git\hotspot\src\share\vm\classfile\systemDictionary.cpp, line 210]

Events (10 events):
Event: 3.185 loading class org/gradle/internal/composite/ChildBuildRegisteringSettingsLoader
Event: 3.185 loading class org/gradle/internal/composite/ChildBuildRegisteringSettingsLoader done
Event: 3.185 loading class org/gradle/internal/composite/CommandLineIncludedBuildSettingsLoader
Event: 3.185 loading class org/gradle/internal/composite/CommandLineIncludedBuildSettingsLoader done
Event: 3.185 loading class org/gradle/initialization/SettingsAttachingSettingsLoader
Event: 3.185 loading class org/gradle/initialization/SettingsAttachingSettingsLoader done
Event: 3.186 loading class org/gradle/initialization/DefaultSettingsLoader
Event: 3.186 loading class org/gradle/initialization/DefaultSettingsLoader done
Event: 3.187 loading class org/gradle/initialization/BuildOperationSettingsProcessor$2
Event: 3.187 loading class org/gradle/initialization/BuildOperationSettingsProcessor$2 done


Dynamic libraries:
0x00007ff614a70000 - 0x00007ff614aa1000 	C:\Program Files\Android\Android Studio\jre\bin\java.exe
0x00007ff9a7b70000 - 0x00007ff9a7d65000 	C:\WINDOWS\SYSTEM32\ntdll.dll
0x00007ff9a5f00000 - 0x00007ff9a5fbd000 	C:\WINDOWS\System32\KERNEL32.DLL
0x00007ff9a53e0000 - 0x00007ff9a56a7000 	C:\WINDOWS\System32\KERNELBASE.dll
0x00007ff9a6a20000 - 0x00007ff9a6aca000 	C:\WINDOWS\System32\ADVAPI32.dll
0x00007ff9a6bc0000 - 0x00007ff9a6c5e000 	C:\WINDOWS\System32\msvcrt.dll
0x00007ff9a5c40000 - 0x00007ff9a5cdb000 	C:\WINDOWS\System32\sechost.dll
0x00007ff9a6e00000 - 0x00007ff9a6f24000 	C:\WINDOWS\System32\RPCRT4.dll
0x00007ff9a6c60000 - 0x00007ff9a6e00000 	C:\WINDOWS\System32\USER32.dll
0x00007ff9a53b0000 - 0x00007ff9a53d2000 	C:\WINDOWS\System32\win32u.dll
0x00007ff9a7b00000 - 0x00007ff9a7b2a000 	C:\WINDOWS\System32\GDI32.dll
0x00007ff9a56b0000 - 0x00007ff9a57b9000 	C:\WINDOWS\System32\gdi32full.dll
0x00007ff9a59a0000 - 0x00007ff9a5a3d000 	C:\WINDOWS\System32\msvcp_win.dll
0x00007ff9a5aa0000 - 0x00007ff9a5ba0000 	C:\WINDOWS\System32\ucrtbase.dll
0x00007ff997a60000 - 0x00007ff997cfb000 	C:\WINDOWS\WinSxS\amd64_microsoft.windows.common-controls_6595b64144ccf1df_6.0.19041.488_none_ca04af081b815d21\COMCTL32.dll
0x00007ff9a5ce0000 - 0x00007ff9a5d10000 	C:\WINDOWS\System32\IMM32.DLL
0x0000000068670000 - 0x0000000068742000 	C:\Program Files\Android\Android Studio\jre\jre\bin\msvcr100.dll
0x0000000068750000 - 0x0000000068f9b000 	C:\Program Files\Android\Android Studio\jre\jre\bin\server\jvm.dll
0x00007ff9a6ad0000 - 0x00007ff9a6ad8000 	C:\WINDOWS\System32\PSAPI.DLL
0x00007ff98f590000 - 0x00007ff98f599000 	C:\WINDOWS\SYSTEM32\WSOCK32.dll
0x00007ff997eb0000 - 0x00007ff997ed7000 	C:\WINDOWS\SYSTEM32\WINMM.dll
0x00007ff99e5b0000 - 0x00007ff99e5ba000 	C:\WINDOWS\SYSTEM32\VERSION.dll
0x00007ff9a61c0000 - 0x00007ff9a622b000 	C:\WINDOWS\System32\WS2_32.dll
0x00007ff97b390000 - 0x00007ff97b39f000 	C:\Program Files\Android\Android Studio\jre\jre\bin\verify.dll
0x00007ff97b180000 - 0x00007ff97b1a9000 	C:\Program Files\Android\Android Studio\jre\jre\bin\java.dll
0x00007ff977d50000 - 0x00007ff977d66000 	C:\Program Files\Android\Android Studio\jre\jre\bin\zip.dll
0x00007ff9a7290000 - 0x00007ff9a79d1000 	C:\WINDOWS\System32\SHELL32.dll
0x00007ff9a3410000 - 0x00007ff9a3ba3000 	C:\WINDOWS\SYSTEM32\windows.storage.dll
0x00007ff9a6f30000 - 0x00007ff9a7285000 	C:\WINDOWS\System32\combase.dll
0x00007ff9a4d20000 - 0x00007ff9a4d4c000 	C:\WINDOWS\SYSTEM32\Wldp.dll
0x00007ff9a63e0000 - 0x00007ff9a648e000 	C:\WINDOWS\System32\SHCORE.dll
0x00007ff9a5e20000 - 0x00007ff9a5e75000 	C:\WINDOWS\System32\shlwapi.dll
0x00007ff9a51e0000 - 0x00007ff9a5206000 	C:\WINDOWS\SYSTEM32\profapi.dll
0x00007ff977d30000 - 0x00007ff977d4a000 	C:\Program Files\Android\Android Studio\jre\jre\bin\net.dll
0x00007ff9a4aa0000 - 0x00007ff9a4b0a000 	C:\WINDOWS\system32\mswsock.dll
0x00007ff977660000 - 0x00007ff977673000 	C:\Program Files\Android\Android Studio\jre\jre\bin\nio.dll
0x00007ff9a1df0000 - 0x00007ff9a1e16000 	C:\Users\Advice\.gradle\native\31\windows-amd64\native-platform.dll
0x00007ff977650000 - 0x00007ff97765d000 	C:\Program Files\Android\Android Studio\jre\jre\bin\management.dll
0x00007ff9a4c70000 - 0x00007ff9a4c88000 	C:\WINDOWS\SYSTEM32\CRYPTSP.dll
0x00007ff9a43c0000 - 0x00007ff9a43f4000 	C:\WINDOWS\system32\rsaenh.dll
0x00007ff9a5ba0000 - 0x00007ff9a5bc7000 	C:\WINDOWS\System32\bcrypt.dll
0x00007ff9a51a0000 - 0x00007ff9a51ce000 	C:\WINDOWS\SYSTEM32\USERENV.dll
0x00007ff9a5920000 - 0x00007ff9a599f000 	C:\WINDOWS\System32\bcryptprimitives.dll
0x00007ff9a4c90000 - 0x00007ff9a4c9c000 	C:\WINDOWS\SYSTEM32\CRYPTBASE.dll
0x00007ff9a4740000 - 0x00007ff9a477b000 	C:\WINDOWS\SYSTEM32\IPHLPAPI.DLL
0x00007ff9a5c30000 - 0x00007ff9a5c39000 	C:\WINDOWS\System32\NSI.dll
0x00007ff99e720000 - 0x00007ff99e737000 	C:\WINDOWS\SYSTEM32\dhcpcsvc6.DLL
0x00007ff99e700000 - 0x00007ff99e71d000 	C:\WINDOWS\SYSTEM32\dhcpcsvc.DLL
0x00007ff9a4780000 - 0x00007ff9a484b000 	C:\WINDOWS\SYSTEM32\DNSAPI.dll

VM Arguments:
jvm_args: -Xmx2048m -Dfile.encoding=windows-1252 -Duser.country=US -Duser.language=en -Duser.variant 
java_command: org.gradle.launcher.daemon.bootstrap.GradleDaemon 6.1.1
java_class_path (initial): C:\Users\Advice\.gradle\wrapper\dists\gradle-6.1.1-all\cfmwm155h49vnt3hynmlrsdst\gradle-6.1.1\lib\gradle-launcher-6.1.1.jar
Launcher Type: SUN_STANDARD

Environment Variables:
JAVA_HOME=C:\Program Files\Android\Android Studio\jre
PATH=C:\Program Files (x86)\Common Files\Oracle\Java\javapath;C:\Program Files (x86)\Java\jdk-13.0.1\bin;C:\Program Files\flutter\bin;C:\Program Files\Git\cmd;C:\Users\Advice\AppData\Local\Android\Sdk;C:\Program Files\flutter\bin\cache\dart-sdk\bin;;C:\WINDOWS\system32;C:\WINDOWS;C:\WINDOWS\System32\Wbem;C:\WINDOWS\System32\WindowsPowerShell\v1.0\;C:\WINDOWS\System32\OpenSSH\;C:\Program Files\Microsoft SQL Server\Client SDK\ODBC\170\Tools\Binn\;C:\Program Files (x86)\Microsoft SQL Server\150\Tools\Binn\;C:\Program Files\Microsoft SQL Server\150\Tools\Binn\;C:\Program Files\Microsoft SQL Server\150\DTS\Binn\;C:\Program Files (x86)\Microsoft SQL Server\150\DTS\Binn\;C:\Program Files\dotnet\;C:\Program Files\nodejs\;C:\Users\Advice\AppData\Local\Microsoft\WindowsApps;C:\Program Files\flutter\bin;C:\Program Files\Git;C:\Windows\System32;C:\Program Files\flutter\bin\cache\dart-sdk\bin;C:\Users\Advice\AppData\Local\Programs\Microsoft VS Code\bin;C:\Users\Advice\.dotnet\tools;C:\Users\Advice\AppData\Roaming\npm
USERNAME=Beer
OS=Windows_NT
PROCESSOR_IDENTIFIER=Intel64 Family 6 Model 158 Stepping 13, GenuineIntel



---------------  S Y S T E M  ---------------

OS: Windows 10.0 , 64 bit Build 19041 (10.0.19041.292)

CPU:total 12 (initial active 12) (6 cores per cpu, 2 threads per core) family 6 model 158 stepping 13, cmov, cx8, fxsr, mmx, sse, sse2, sse3, ssse3, sse4.1, sse4.2, popcnt, avx, avx2, aes, clmul, erms, 3dnowpref, lzcnt, ht, tsc, tscinvbit, bmi1, bmi2, adx

Memory: 4k page, physical 8231476k(1920416k free), swap 8231476k(5624k free)

vm_info: OpenJDK 64-Bit Server VM (25.242-b01) for windows-amd64 JRE (1.8.0_242-release-1644-b01), built by "builder" with MS VC++ 10.0 (VS2010)

time: Mon Oct 05 17:47:03 2020
timezone: SE Asia Standard Time
elapsed time: 3 seconds (0d 0h 0m 3s)

