#
# There is insufficient memory for the Java Runtime Environment to continue.
# Native memory allocation (malloc) failed to allocate 527696 bytes for Chunk::new
# Possible reasons:
#   The system is out of physical RAM or swap space
#   The process is running with CompressedOops enabled, and the Java Heap may be blocking the growth of the native heap
# Possible solutions:
#   Reduce memory load on the system
#   Increase physical memory or swap space
#   Check if swap backing store is full
#   Decrease Java heap size (-Xmx/-Xms)
#   Decrease number of Java threads
#   Decrease Java thread stack sizes (-Xss)
#   Set larger code cache with -XX:ReservedCodeCacheSize=
#   JVM is running with Unscaled Compressed Oops mode in which the Java heap is
#     placed in the first 4GB address space. The Java Heap base address is the
#     maximum limit for the native heap growth. Please use -XX:HeapBaseMinAddress
#     to set the Java Heap base and to place the Java Heap above 4GB virtual address.
# This output file may be truncated or incomplete.
#
#  Out of Memory Error (allocation.cpp:389), pid=6168, tid=0x0000000000003c70
#
# JRE version: OpenJDK Runtime Environment (8.0_242-b01) (build 1.8.0_242-release-1644-b01)
# Java VM: OpenJDK 64-Bit Server VM (25.242-b01 mixed mode windows-amd64 compressed oops)
# Failed to write core dump. Minidumps are not enabled by default on client versions of Windows
#

---------------  T H R E A D  ---------------

Current thread (0x0000000017dcc000):  JavaThread "C2 CompilerThread1" daemon [_thread_in_native, id=15472, stack(0x000000001ac30000,0x000000001ad30000)]

Stack: [0x000000001ac30000,0x000000001ad30000]
[error occurred during error reporting (printing stack bounds), id 0xc0000005]

Native frames: (J=compiled Java code, j=interpreted, Vv=VM code, C=native code)


Current CompileTask:
C2:  17581 17700       4       java.util.TimSort::sort (229 bytes)


---------------  P R O C E S S  ---------------

Java Threads: ( => current thread )
  0x000000001982f800 JavaThread "ForkJoinPool.commonPool-worker-3" daemon [_thread_blocked, id=12852, stack(0x0000000033f50000,0x0000000034050000)]
  0x000000001982e800 JavaThread "ForkJoinPool.commonPool-worker-10" daemon [_thread_blocked, id=1268, stack(0x0000000033e50000,0x0000000033f50000)]
  0x0000000019828000 JavaThread "ForkJoinPool.commonPool-worker-1" daemon [_thread_blocked, id=13084, stack(0x0000000033d50000,0x0000000033e50000)]
  0x000000001982c800 JavaThread "ForkJoinPool.commonPool-worker-8" daemon [_thread_blocked, id=8620, stack(0x0000000033c50000,0x0000000033d50000)]
  0x0000000019829800 JavaThread "ForkJoinPool.commonPool-worker-4" daemon [_thread_blocked, id=16340, stack(0x0000000033b50000,0x0000000033c50000)]
  0x000000001982e000 JavaThread "ForkJoinPool.commonPool-worker-15" daemon [_thread_blocked, id=14456, stack(0x0000000033a50000,0x0000000033b50000)]
  0x000000001d4fa000 JavaThread "ForkJoinPool.commonPool-worker-6" daemon [_thread_blocked, id=2200, stack(0x0000000033950000,0x0000000033a50000)]
  0x000000001d4fd000 JavaThread "ForkJoinPool.commonPool-worker-13" daemon [_thread_blocked, id=9116, stack(0x0000000033850000,0x0000000033950000)]
  0x000000001d4fb800 JavaThread "ForkJoinPool.commonPool-worker-11" daemon [_thread_blocked, id=6840, stack(0x0000000033750000,0x0000000033850000)]
  0x000000001d4fc800 JavaThread "ForkJoinPool.commonPool-worker-2" daemon [_thread_blocked, id=13104, stack(0x0000000033650000,0x0000000033750000)]
  0x000000001d4fb000 JavaThread "ForkJoinPool.commonPool-worker-9" daemon [_thread_blocked, id=2824, stack(0x0000000033550000,0x0000000033650000)]
  0x000000001d4fe800 JavaThread "ForkJoinPool-4-worker-12" daemon [_thread_blocked, id=5232, stack(0x0000000033130000,0x0000000033230000)]
  0x000000001d4f9800 JavaThread "ForkJoinPool-4-worker-3" daemon [_thread_blocked, id=8676, stack(0x0000000033030000,0x0000000033130000)]
  0x000000001d4fe000 JavaThread "ForkJoinPool-4-worker-10" daemon [_thread_blocked, id=3932, stack(0x0000000032f30000,0x0000000033030000)]
  0x000000001d4f1800 JavaThread "ForkJoinPool-4-worker-1" daemon [_thread_blocked, id=14176, stack(0x0000000032e30000,0x0000000032f30000)]
  0x000000001d4f8800 JavaThread "ForkJoinPool-4-worker-8" daemon [_thread_blocked, id=3836, stack(0x0000000032d30000,0x0000000032e30000)]
  0x000000001d4f3000 JavaThread "ForkJoinPool-4-worker-15" daemon [_thread_blocked, id=6332, stack(0x0000000032c30000,0x0000000032d30000)]
  0x000000001d4f1000 JavaThread "ForkJoinPool-4-worker-6" daemon [_thread_blocked, id=3336, stack(0x0000000032b30000,0x0000000032c30000)]
  0x000000001d4f7800 JavaThread "ForkJoinPool-4-worker-13" daemon [_thread_blocked, id=13236, stack(0x0000000032a30000,0x0000000032b30000)]
  0x000000001d4f0000 JavaThread "ForkJoinPool-4-worker-4" daemon [_thread_blocked, id=2272, stack(0x0000000032930000,0x0000000032a30000)]
  0x000000001d4f7000 JavaThread "ForkJoinPool-4-worker-11" daemon [_thread_blocked, id=13136, stack(0x0000000032830000,0x0000000032930000)]
  0x000000001d4f6000 JavaThread "ForkJoinPool-4-worker-2" daemon [_thread_blocked, id=5140, stack(0x0000000032730000,0x0000000032830000)]
  0x000000001d4f4800 JavaThread "ForkJoinPool-4-worker-9" daemon [_thread_blocked, id=3980, stack(0x0000000032630000,0x0000000032730000)]
  0x000000001d4ef800 JavaThread "stdout" [_thread_in_native, id=7440, stack(0x0000000032530000,0x0000000032630000)]
  0x000000001d4f5800 JavaThread "stderr" [_thread_in_native, id=8316, stack(0x0000000032430000,0x0000000032530000)]
  0x000000001d4f4000 JavaThread "stdout" [_thread_in_native, id=14976, stack(0x0000000032330000,0x0000000032430000)]
  0x000000001d4f2800 JavaThread "stderr" [_thread_in_native, id=8268, stack(0x0000000032230000,0x0000000032330000)]
  0x000000002ff0e800 JavaThread "stdout" [_thread_in_native, id=7872, stack(0x0000000032130000,0x0000000032230000)]
  0x000000002ff0d000 JavaThread "stderr" [_thread_in_native, id=14516, stack(0x0000000032030000,0x0000000032130000)]
  0x000000002ff0b800 JavaThread "stdout" [_thread_in_native, id=14028, stack(0x0000000031f30000,0x0000000032030000)]
  0x000000002ff0b000 JavaThread "stderr" [_thread_in_native, id=2308, stack(0x0000000031e30000,0x0000000031f30000)]
  0x000000002ff0f800 JavaThread "stdout" [_thread_in_native, id=15592, stack(0x0000000031d30000,0x0000000031e30000)]
  0x000000002ff0c800 JavaThread "stderr" [_thread_in_native, id=4148, stack(0x0000000031c30000,0x0000000031d30000)]
  0x000000002ff03800 JavaThread "stdout" [_thread_in_native, id=8820, stack(0x0000000031b30000,0x0000000031c30000)]
  0x000000002ff0a000 JavaThread "stderr" [_thread_in_native, id=5652, stack(0x000000002b970000,0x000000002ba70000)]
  0x000000002ff02800 JavaThread "stdout" [_thread_in_native, id=12484, stack(0x0000000031030000,0x0000000031130000)]
  0x000000002ff00800 JavaThread "stderr" [_thread_in_native, id=15144, stack(0x000000002cae0000,0x000000002cbe0000)]
  0x000000002ff09800 JavaThread "MarlinRenderer Disposer" daemon [_thread_blocked, id=11580, stack(0x0000000031a30000,0x0000000031b30000)]
  0x000000002ff0e000 JavaThread "Java2D Disposer" daemon [_thread_blocked, id=13372, stack(0x0000000031930000,0x0000000031a30000)]
  0x000000002ff06800 JavaThread "WorkerExecutor Queue Thread 14" [_thread_blocked, id=12260, stack(0x0000000031330000,0x0000000031430000)]
  0x000000002ff05800 JavaThread "WorkerExecutor Queue Thread 13" [_thread_blocked, id=14524, stack(0x0000000031230000,0x0000000031330000)]
  0x000000002ff04000 JavaThread "WorkerExecutor Queue Thread 12" [_thread_blocked, id=11120, stack(0x0000000031130000,0x0000000031230000)]
  0x000000002ff02000 JavaThread "WorkerExecutor Queue Thread 10" [_thread_blocked, id=14600, stack(0x0000000030f30000,0x0000000031030000)]
  0x000000002ff08000 JavaThread "WorkerExecutor Queue Thread 9" [_thread_blocked, id=5872, stack(0x0000000030e30000,0x0000000030f30000)]
  0x000000002ff05000 JavaThread "WorkerExecutor Queue Thread 8" [_thread_blocked, id=1680, stack(0x000000002cbe0000,0x000000002cce0000)]
  0x0000000020b3c800 JavaThread "WorkerExecutor Queue Thread 5" [_thread_blocked, id=2576, stack(0x000000002a290000,0x000000002a390000)]
  0x0000000020b3b000 JavaThread "WorkerExecutor Queue Thread 4" [_thread_blocked, id=10720, stack(0x0000000029f40000,0x000000002a040000)]
  0x0000000020b38800 JavaThread "WorkerExecutor Queue Thread 3" [_thread_in_Java, id=7736, stack(0x0000000029840000,0x0000000029940000)]
  0x0000000020b2f000 JavaThread "stdout" [_thread_in_native, id=16164, stack(0x0000000029b40000,0x0000000029c40000)]
  0x0000000020b35800 JavaThread "stderr" [_thread_in_native, id=9040, stack(0x0000000029a40000,0x0000000029b40000)]
  0x0000000020b32800 JavaThread "pool-2-thread-1" [_thread_blocked, id=2632, stack(0x0000000029940000,0x0000000029a40000)]
  0x0000000020b33800 JavaThread "WorkerExecutor Queue" [_thread_blocked, id=5040, stack(0x0000000028710000,0x0000000028810000)]
  0x0000000023cec000 JavaThread "Cache worker for execution history cache (C:\Users\Advice\Desktop\bt_Crytography\Cryptography\.gradle\6.1.1\executionHistory)" [_thread_blocked, id=1136, stack(0x0000000029340000,0x0000000029440000)]
  0x0000000023cea800 JavaThread "Execution worker for ':' Thread 11" [_thread_in_native, id=2544, stack(0x0000000029240000,0x0000000029340000)]
  0x0000000023ce4000 JavaThread "Execution worker for ':' Thread 10" [_thread_blocked, id=4596, stack(0x0000000029140000,0x0000000029240000)]
  0x0000000023ce3000 JavaThread "Execution worker for ':' Thread 9" [_thread_blocked, id=8536, stack(0x0000000029040000,0x0000000029140000)]
  0x0000000023cea000 JavaThread "Execution worker for ':' Thread 8" [_thread_blocked, id=3952, stack(0x0000000028f40000,0x0000000029040000)]
  0x0000000023ce2800 JavaThread "Execution worker for ':' Thread 7" [_thread_blocked, id=10504, stack(0x0000000028e40000,0x0000000028f40000)]
  0x0000000023ce9000 JavaThread "Execution worker for ':' Thread 6" [_thread_in_Java, id=6444, stack(0x0000000028d40000,0x0000000028e40000)]
  0x0000000023ce1800 JavaThread "Execution worker for ':' Thread 5" [_thread_in_native, id=5608, stack(0x0000000028c40000,0x0000000028d40000)]
  0x0000000023ce8800 JavaThread "Execution worker for ':' Thread 4" [_thread_in_Java, id=14096, stack(0x0000000028b40000,0x0000000028c40000)]
  0x0000000023ce7800 JavaThread "Execution worker for ':' Thread 3" [_thread_in_native, id=14940, stack(0x0000000028a40000,0x0000000028b40000)]
  0x0000000023ce7000 JavaThread "Execution worker for ':' Thread 2" [_thread_in_Java, id=14744, stack(0x0000000028940000,0x0000000028a40000)]
  0x0000000023ce1000 JavaThread "Execution worker for ':'" [_thread_in_Java, id=7620, stack(0x0000000028840000,0x0000000028940000)]
  0x0000000023ce6000 JavaThread "Cache worker for file content cache (C:\Users\Advice\Desktop\bt_Crytography\Cryptography\.gradle\6.1.1\fileContent)" [_thread_blocked, id=6644, stack(0x0000000028210000,0x0000000028310000)]
  0x0000000023ce5800 JavaThread "Cache worker for file content cache (C:\Users\Advice\.gradle\caches\6.1.1\fileContent)" [_thread_blocked, id=9188, stack(0x0000000028110000,0x0000000028210000)]
  0x0000000023cdf800 JavaThread "Memory manager" [_thread_blocked, id=15884, stack(0x0000000027bf0000,0x0000000027cf0000)]
  0x000000001f449800 JavaThread "Cache worker for Build Output Cleanup Cache (C:\Users\Advice\Desktop\bt_Crytography\Cryptography\.gradle\buildOutputCleanup)" [_thread_blocked, id=8308, stack(0x0000000025c20000,0x0000000025d20000)]
  0x000000001f44b000 JavaThread "pool-1-thread-1" [_thread_blocked, id=6736, stack(0x0000000025720000,0x0000000025820000)]
  0x000000001f448800 JavaThread "Build operations Thread 12" [_thread_blocked, id=2124, stack(0x0000000025220000,0x0000000025320000)]
  0x000000001f44a000 JavaThread "Build operations Thread 11" [_thread_blocked, id=12324, stack(0x0000000025120000,0x0000000025220000)]
  0x000000001f446800 JavaThread "Build operations Thread 10" [_thread_blocked, id=15052, stack(0x0000000025020000,0x0000000025120000)]
  0x000000001f448000 JavaThread "Build operations Thread 9" [_thread_blocked, id=13672, stack(0x0000000024f20000,0x0000000025020000)]
  0x000000001f43e000 JavaThread "Build operations Thread 8" [_thread_blocked, id=6572, stack(0x0000000024e20000,0x0000000024f20000)]
  0x000000001f445000 JavaThread "Build operations Thread 7" [_thread_blocked, id=8240, stack(0x0000000024d20000,0x0000000024e20000)]
  0x000000001f444000 JavaThread "Build operations Thread 6" [_thread_blocked, id=16104, stack(0x0000000024c20000,0x0000000024d20000)]
  0x000000001f440800 JavaThread "Build operations Thread 5" [_thread_blocked, id=16144, stack(0x0000000024b20000,0x0000000024c20000)]
  0x000000001f43f000 JavaThread "Build operations Thread 4" [_thread_blocked, id=1916, stack(0x0000000024790000,0x0000000024890000)]
  0x000000001f443800 JavaThread "Build operations Thread 3" [_thread_blocked, id=10016, stack(0x0000000024690000,0x0000000024790000)]
  0x000000001f43d800 JavaThread "Build operations Thread 2" [_thread_blocked, id=2072, stack(0x0000000024590000,0x0000000024690000)]
  0x000000001f442000 JavaThread "Build operations" [_thread_blocked, id=7188, stack(0x0000000021c30000,0x0000000021d30000)]
  0x000000001ced9000 JavaThread "Cache worker for execution history cache (C:\Users\Advice\.gradle\caches\6.1.1\executionHistory)" [_thread_blocked, id=10824, stack(0x00000000216f0000,0x00000000217f0000)]
  0x000000001ced8800 JavaThread "Cache worker for cache directory md-rule (C:\Users\Advice\.gradle\caches\6.1.1\md-rule)" [_thread_blocked, id=8468, stack(0x00000000215f0000,0x00000000216f0000)]
  0x000000001ced7800 JavaThread "Cache worker for cache directory md-supplier (C:\Users\Advice\.gradle\caches\6.1.1\md-supplier)" [_thread_blocked, id=6864, stack(0x00000000212f0000,0x00000000213f0000)]
  0x000000001ced6000 JavaThread "Cache worker for file hash cache (C:\Users\Advice\Desktop\bt_Crytography\Cryptography\.gradle\6.1.1\fileHashes)" [_thread_blocked, id=11680, stack(0x0000000021b30000,0x0000000021c30000)]
  0x000000001ced7000 JavaThread "Cache worker for checksums cache (C:\Users\Advice\Desktop\bt_Crytography\Cryptography\.gradle\checksums)" [_thread_blocked, id=2644, stack(0x0000000021a30000,0x0000000021b30000)]
  0x000000001ced5800 JavaThread "Cache worker for file hash cache (C:\Users\Advice\.gradle\caches\6.1.1\fileHashes)" [_thread_blocked, id=15684, stack(0x000000001f050000,0x000000001f150000)]
  0x000000001ced4800 JavaThread "File lock request listener" [_thread_in_native, id=11196, stack(0x000000001ef50000,0x000000001f050000)]
  0x000000001c02b000 JavaThread "Cache worker for journal cache (C:\Users\Advice\.gradle\caches\journal-1)" [_thread_blocked, id=14956, stack(0x000000001ee50000,0x000000001ef50000)]
  0x000000001b260800 JavaThread "Thread-9" [_thread_blocked, id=3392, stack(0x000000001eb50000,0x000000001ec50000)]
  0x000000001cda9800 JavaThread "Stdin handler" [_thread_blocked, id=15968, stack(0x000000001ea50000,0x000000001eb50000)]
  0x000000001cd93800 JavaThread "Asynchronous log dispatcher for DefaultDaemonConnection: socket connection from /127.0.0.1:57781 to /127.0.0.1:57782" [_thread_in_Java, id=3612, stack(0x000000001e950000,0x000000001ea50000)]
  0x000000001cdac800 JavaThread "Daemon worker" [_thread_blocked, id=14832, stack(0x000000001e850000,0x000000001e950000)]
  0x000000001cd8c000 JavaThread "Cancel handler" [_thread_blocked, id=2460, stack(0x000000001e650000,0x000000001e750000)]
  0x000000001cd83800 JavaThread "Handler for socket connection from /127.0.0.1:57781 to /127.0.0.1:57782" [_thread_in_native, id=2540, stack(0x000000001e350000,0x000000001e450000)]
  0x000000001cd81800 JavaThread "Daemon" [_thread_blocked, id=14508, stack(0x000000001e250000,0x000000001e350000)]
  0x000000001cd1e000 JavaThread "Daemon periodic checks" [_thread_blocked, id=11572, stack(0x000000001e150000,0x000000001e250000)]
  0x000000001cdaf000 JavaThread "Incoming local TCP Connector on port 57781" [_thread_in_native, id=6884, stack(0x000000001df10000,0x000000001e010000)]
  0x000000001b288000 JavaThread "Daemon health stats" [_thread_blocked, id=16152, stack(0x000000001d8d0000,0x000000001d9d0000)]
  0x000000001954b800 JavaThread "Service Thread" daemon [_thread_blocked, id=13060, stack(0x000000001af30000,0x000000001b030000)]
  0x00000000194c4000 JavaThread "C1 CompilerThread3" daemon [_thread_in_native, id=12460, stack(0x000000001ae30000,0x000000001af30000)]
  0x00000000194c3000 JavaThread "C2 CompilerThread2" daemon [_thread_in_native, id=2336, stack(0x000000001ad30000,0x000000001ae30000)]
=>0x0000000017dcc000 JavaThread "C2 CompilerThread1" daemon [_thread_in_native, id=15472, stack(0x000000001ac30000,0x000000001ad30000)]
  0x00000000194ba800 JavaThread "C2 CompilerThread0" daemon [_thread_in_native, id=3680, stack(0x000000001ab30000,0x000000001ac30000)]
  0x00000000194c0000 JavaThread "Attach Listener" daemon [_thread_blocked, id=14492, stack(0x000000001aa30000,0x000000001ab30000)]
  0x00000000194bf000 JavaThread "Signal Dispatcher" daemon [_thread_blocked, id=5844, stack(0x000000001a930000,0x000000001aa30000)]
  0x0000000017dc1800 JavaThread "Finalizer" daemon [_thread_blocked, id=4412, stack(0x000000001a710000,0x000000001a810000)]
  0x00000000194a3000 JavaThread "Reference Handler" daemon [_thread_blocked, id=14724, stack(0x000000001a610000,0x000000001a710000)]
  0x000000000291e800 JavaThread "main" [_thread_blocked, id=14240, stack(0x0000000002920000,0x0000000002a20000)]

Other Threads:
  0x0000000017db5800 VMThread [stack: 0x000000001a510000,0x000000001a610000] [id=2136]
  0x000000001954d000 WatcherThread [stack: 0x000000001b030000,0x000000001b130000] [id=13972]

VM state:not at safepoint (normal execution)

VM Mutex/Monitor currently owned by a thread:  ([mutex/lock_event])
[0x0000000002a21150] CompileStatistics_lock - owner thread: 0x0000000000000000

heap address: 0x0000000080000000, size: 2048 MB, Compressed Oops mode: 32-bit
Narrow klass base: 0x0000000000000000, Narrow klass shift: 3
Compressed class space size: 1073741824 Address: 0x0000000100000000

Heap:
 PSYoungGen      total 665088K, used 172106K [0x00000000d5580000, 0x0000000100000000, 0x0000000100000000)
  eden space 636416K, 22% used [0x00000000d5580000,0x00000000de193bf8,0x00000000fc300000)
  from space 28672K, 99% used [0x00000000fc300000,0x00000000fdefef70,0x00000000fdf00000)
  to   space 33792K, 0% used [0x00000000fdf00000,0x00000000fdf00000,0x0000000100000000)
 ParOldGen       total 212992K, used 161889K [0x0000000080000000, 0x000000008d000000, 0x00000000d5580000)
  object space 212992K, 76% used [0x0000000080000000,0x0000000089e18690,0x000000008d000000)
 Metaspace       used 87122K, capacity 91098K, committed 94888K, reserved 1130496K
  class space    used 11374K, capacity 12112K, committed 12968K, reserved 1048576K

Card table byte_map: [0x0000000011ee0000,0x00000000122f0000] byte_map_base: 0x0000000011ae0000

Marking Bits: (ParMarkBitMap*) 0x0000000068f1f030
 Begin Bits: [0x0000000012fa0000, 0x0000000014fa0000)
 End Bits:   [0x0000000014fa0000, 0x0000000016fa0000)

Polling page: 0x00000000028c0000

CodeCache: size=245760Kb used=44264Kb max_used=44264Kb free=201495Kb
 bounds [0x0000000002b20000, 0x0000000005690000, 0x0000000011b20000]
 total_blobs=15756 nmethods=14751 adapters=914
 compilation: enabled

Compilation events (10 events):
Event: 17.573 Thread 0x00000000194c4000 nmethod 17801 0x0000000004b2e990 code [0x0000000004b2eae0, 0x0000000004b2ebd0]
Event: 17.575 Thread 0x00000000194c4000 17803       2       org.gradle.api.internal.changedetection.state.CachingFileHasher$FileInfoSerializer::write (10 bytes)
Event: 17.576 Thread 0x00000000194c4000 nmethod 17803 0x0000000004b2e0d0 code [0x0000000004b2e280, 0x0000000004b2e5c8]
Event: 17.576 Thread 0x00000000194c4000 17804       2       org.gradle.api.internal.changedetection.state.CachingFileHasher$FileInfoSerializer::write (33 bytes)
Event: 17.576 Thread 0x00000000194c4000 nmethod 17804 0x0000000005412590 code [0x0000000005412740, 0x0000000005412a28]
Event: 17.576 Thread 0x00000000194c4000 17805       2       com.android.tools.r8.graph.h0$i::<init> (7 bytes)
Event: 17.577 Thread 0x00000000194c4000 nmethod 17805 0x0000000004b2dd90 code [0x0000000004b2dee0, 0x0000000004b2e050]
Event: 17.578 Thread 0x00000000194c4000 17808       2       com.android.tools.r8.graph.u0$a::a (36 bytes)
Event: 17.580 Thread 0x00000000194c4000 nmethod 17808 0x0000000005411950 code [0x0000000005411b00, 0x0000000005411f78]
Event: 17.580 Thread 0x00000000194c4000 17807       2       com.android.tools.r8.ir.conversion.m::a (170 bytes)

GC Heap History (10 events):
Event: 13.487 GC heap before
{Heap before GC invocations=27 (full 4):
 PSYoungGen      total 584704K, used 558018K [0x00000000d5580000, 0x00000000fb180000, 0x0000000100000000)
  eden space 549888K, 100% used [0x00000000d5580000,0x00000000f6e80000,0x00000000f6e80000)
  from space 34816K, 23% used [0x00000000f8f80000,0x00000000f9770840,0x00000000fb180000)
  to   space 33792K, 0% used [0x00000000f6e80000,0x00000000f6e80000,0x00000000f8f80000)
 ParOldGen       total 212992K, used 117895K [0x0000000080000000, 0x000000008d000000, 0x00000000d5580000)
  object space 212992K, 55% used [0x0000000080000000,0x0000000087321c50,0x000000008d000000)
 Metaspace       used 81651K, capacity 85238K, committed 89896K, reserved 1126400K
  class space    used 10855K, capacity 11530K, committed 12584K, reserved 1048576K
Event: 13.499 GC heap after
Heap after GC invocations=27 (full 4):
 PSYoungGen      total 583680K, used 8776K [0x00000000d5580000, 0x00000000ffc00000, 0x0000000100000000)
  eden space 549888K, 0% used [0x00000000d5580000,0x00000000d5580000,0x00000000f6e80000)
  from space 33792K, 25% used [0x00000000f6e80000,0x00000000f7712170,0x00000000f8f80000)
  to   space 32256K, 0% used [0x00000000fdc80000,0x00000000fdc80000,0x00000000ffc00000)
 ParOldGen       total 212992K, used 121466K [0x0000000080000000, 0x000000008d000000, 0x00000000d5580000)
  object space 212992K, 57% used [0x0000000080000000,0x000000008769e9e8,0x000000008d000000)
 Metaspace       used 81651K, capacity 85238K, committed 89896K, reserved 1126400K
  class space    used 10855K, capacity 11530K, committed 12584K, reserved 1048576K
}
Event: 13.883 GC heap before
{Heap before GC invocations=28 (full 4):
 PSYoungGen      total 583680K, used 558664K [0x00000000d5580000, 0x00000000ffc00000, 0x0000000100000000)
  eden space 549888K, 100% used [0x00000000d5580000,0x00000000f6e80000,0x00000000f6e80000)
  from space 33792K, 25% used [0x00000000f6e80000,0x00000000f7712170,0x00000000f8f80000)
  to   space 32256K, 0% used [0x00000000fdc80000,0x00000000fdc80000,0x00000000ffc00000)
 ParOldGen       total 212992K, used 121466K [0x0000000080000000, 0x000000008d000000, 0x00000000d5580000)
  object space 212992K, 57% used [0x0000000080000000,0x000000008769e9e8,0x000000008d000000)
 Metaspace       used 81778K, capacity 85328K, committed 89896K, reserved 1126400K
  class space    used 10855K, capacity 11531K, committed 12584K, reserved 1048576K
Event: 13.900 GC heap after
Heap after GC invocations=28 (full 4):
 PSYoungGen      total 663040K, used 15067K [0x00000000d5580000, 0x00000000ffd80000, 0x0000000100000000)
  eden space 630784K, 0% used [0x00000000d5580000,0x00000000d5580000,0x00000000fbd80000)
  from space 32256K, 46% used [0x00000000fdc80000,0x00000000feb36c50,0x00000000ffc00000)
  to   space 31744K, 0% used [0x00000000fbd80000,0x00000000fbd80000,0x00000000fdc80000)
 ParOldGen       total 212992K, used 126511K [0x0000000080000000, 0x000000008d000000, 0x00000000d5580000)
  object space 212992K, 59% used [0x0000000080000000,0x0000000087b8bd30,0x000000008d000000)
 Metaspace       used 81778K, capacity 85328K, committed 89896K, reserved 1126400K
  class space    used 10855K, capacity 11531K, committed 12584K, reserved 1048576K
}
Event: 14.373 GC heap before
{Heap before GC invocations=29 (full 4):
 PSYoungGen      total 663040K, used 645851K [0x00000000d5580000, 0x00000000ffd80000, 0x0000000100000000)
  eden space 630784K, 100% used [0x00000000d5580000,0x00000000fbd80000,0x00000000fbd80000)
  from space 32256K, 46% used [0x00000000fdc80000,0x00000000feb36c50,0x00000000ffc00000)
  to   space 31744K, 0% used [0x00000000fbd80000,0x00000000fbd80000,0x00000000fdc80000)
 ParOldGen       total 212992K, used 126511K [0x0000000080000000, 0x000000008d000000, 0x00000000d5580000)
  object space 212992K, 59% used [0x0000000080000000,0x0000000087b8bd30,0x000000008d000000)
 Metaspace       used 82364K, capacity 85966K, committed 90408K, reserved 1126400K
  class space    used 10910K, capacity 11590K, committed 12584K, reserved 1048576K
Event: 14.402 GC heap after
Heap after GC invocations=29 (full 4):
 PSYoungGen      total 662528K, used 10291K [0x00000000d5580000, 0x00000000ffc80000, 0x0000000100000000)
  eden space 630784K, 0% used [0x00000000d5580000,0x00000000d5580000,0x00000000fbd80000)
  from space 31744K, 32% used [0x00000000fbd80000,0x00000000fc78cf50,0x00000000fdc80000)
  to   space 30208K, 0% used [0x00000000fdf00000,0x00000000fdf00000,0x00000000ffc80000)
 ParOldGen       total 212992K, used 138012K [0x0000000080000000, 0x000000008d000000, 0x00000000d5580000)
  object space 212992K, 64% used [0x0000000080000000,0x00000000886c73a8,0x000000008d000000)
 Metaspace       used 82364K, capacity 85966K, committed 90408K, reserved 1126400K
  class space    used 10910K, capacity 11590K, committed 12584K, reserved 1048576K
}
Event: 15.162 GC heap before
{Heap before GC invocations=30 (full 4):
 PSYoungGen      total 662528K, used 641075K [0x00000000d5580000, 0x00000000ffc80000, 0x0000000100000000)
  eden space 630784K, 100% used [0x00000000d5580000,0x00000000fbd80000,0x00000000fbd80000)
  from space 31744K, 32% used [0x00000000fbd80000,0x00000000fc78cf50,0x00000000fdc80000)
  to   space 30208K, 0% used [0x00000000fdf00000,0x00000000fdf00000,0x00000000ffc80000)
 ParOldGen       total 212992K, used 138012K [0x0000000080000000, 0x000000008d000000, 0x00000000d5580000)
  object space 212992K, 64% used [0x0000000080000000,0x00000000886c73a8,0x000000008d000000)
 Metaspace       used 83561K, capacity 87336K, committed 91560K, reserved 1128448K
  class space    used 11054K, capacity 11737K, committed 12712K, reserved 1048576K
Event: 15.173 GC heap after
Heap after GC invocations=30 (full 4):
 PSYoungGen      total 665600K, used 9539K [0x00000000d5580000, 0x00000000ffb80000, 0x0000000100000000)
  eden space 636416K, 0% used [0x00000000d5580000,0x00000000d5580000,0x00000000fc300000)
  from space 29184K, 32% used [0x00000000fdf00000,0x00000000fe850f28,0x00000000ffb80000)
  to   space 28672K, 0% used [0x00000000fc300000,0x00000000fc300000,0x00000000fdf00000)
 ParOldGen       total 212992K, used 143007K [0x0000000080000000, 0x000000008d000000, 0x00000000d5580000)
  object space 212992K, 67% used [0x0000000080000000,0x0000000088ba7f18,0x000000008d000000)
 Metaspace       used 83561K, capacity 87336K, committed 91560K, reserved 1128448K
  class space    used 11054K, capacity 11737K, committed 12712K, reserved 1048576K
}
Event: 17.057 GC heap before
{Heap before GC invocations=31 (full 4):
 PSYoungGen      total 665600K, used 645955K [0x00000000d5580000, 0x00000000ffb80000, 0x0000000100000000)
  eden space 636416K, 100% used [0x00000000d5580000,0x00000000fc300000,0x00000000fc300000)
  from space 29184K, 32% used [0x00000000fdf00000,0x00000000fe850f28,0x00000000ffb80000)
  to   space 28672K, 0% used [0x00000000fc300000,0x00000000fc300000,0x00000000fdf00000)
 ParOldGen       total 212992K, used 143007K [0x0000000080000000, 0x000000008d000000, 0x00000000d5580000)
  object space 212992K, 67% used [0x0000000080000000,0x0000000088ba7f18,0x000000008d000000)
 Metaspace       used 86884K, capacity 90776K, committed 94632K, reserved 1130496K
  class space    used 11355K, capacity 12103K, committed 12968K, reserved 1048576K
Event: 17.107 GC heap after
Heap after GC invocations=31 (full 4):
 PSYoungGen      total 665088K, used 28667K [0x00000000d5580000, 0x0000000100000000, 0x0000000100000000)
  eden space 636416K, 0% used [0x00000000d5580000,0x00000000d5580000,0x00000000fc300000)
  from space 28672K, 99% used [0x00000000fc300000,0x00000000fdefef70,0x00000000fdf00000)
  to   space 33792K, 0% used [0x00000000fdf00000,0x00000000fdf00000,0x0000000100000000)
 ParOldGen       total 212992K, used 161889K [0x0000000080000000, 0x000000008d000000, 0x00000000d5580000)
  object space 212992K, 76% used [0x0000000080000000,0x0000000089e18690,0x000000008d000000)
 Metaspace       used 86884K, capacity 90776K, committed 94632K, reserved 1130496K
  class space    used 11355K, capacity 12103K, committed 12968K, reserved 1048576K
}

Deoptimization events (10 events):
Event: 17.408 Thread 0x0000000020b3b000 Uncommon trap: reason=array_check action=maybe_recompile pc=0x000000000560b870 method=java.util.TimSort.reverseRange([Ljava/lang/Object;II)V @ 27
Event: 17.531 Thread 0x0000000023ce9000 Uncommon trap: reason=class_check action=maybe_recompile pc=0x00000000040bdc9c method=com.android.tools.r8.ir.conversion.m.a(ILjava/util/List;Lcom/android/tools/r8/v/a/a/a/h/G0;)Lcom/android/tools/r8/ir/conversion/m; @ 10
Event: 17.531 Thread 0x0000000023ce9000 Uncommon trap: reason=unstable_if action=reinterpret pc=0x0000000003e3c85c method=com.android.tools.r8.ir.conversion.N.j()Z @ 10
Event: 17.531 Thread 0x0000000023ce9000 Uncommon trap: reason=unstable_if action=reinterpret pc=0x0000000004bcadac method=com.android.tools.r8.ir.conversion.N.j()Z @ 10
Event: 17.531 Thread 0x0000000023ce9000 Uncommon trap: reason=unstable_if action=reinterpret pc=0x0000000004894850 method=com.android.tools.r8.ir.conversion.N.j()Z @ 10
Event: 17.537 Thread 0x0000000023ce9000 Uncommon trap: reason=unstable_if action=reinterpret pc=0x00000000053ec280 method=com.android.tools.r8.graph.I.a(IILcom/android/tools/r8/u/b/h0;)V @ 560
Event: 17.537 Thread 0x0000000023ce9000 Uncommon trap: reason=class_check action=maybe_recompile pc=0x00000000040bdc9c method=com.android.tools.r8.ir.conversion.m.a(ILjava/util/List;Lcom/android/tools/r8/v/a/a/a/h/G0;)Lcom/android/tools/r8/ir/conversion/m; @ 10
Event: 17.538 Thread 0x0000000023ce9000 Uncommon trap: reason=class_check action=maybe_recompile pc=0x00000000040bdc9c method=com.android.tools.r8.ir.conversion.m.a(ILjava/util/List;Lcom/android/tools/r8/v/a/a/a/h/G0;)Lcom/android/tools/r8/ir/conversion/m; @ 10
Event: 17.539 Thread 0x0000000023ce9000 Uncommon trap: reason=class_check action=maybe_recompile pc=0x00000000040bdc9c method=com.android.tools.r8.ir.conversion.m.a(ILjava/util/List;Lcom/android/tools/r8/v/a/a/a/h/G0;)Lcom/android/tools/r8/ir/conversion/m; @ 10
Event: 17.546 Thread 0x0000000023ce9000 Uncommon trap: reason=unstable_if action=reinterpret pc=0x00000000050cd210 method=com.android.tools.r8.ir.conversion.N.j()Z @ 10

Classes redefined (0 events):
No events

Internal exceptions (10 events):
Event: 16.700 Thread 0x0000000023ce7800 Exception <a 'sun/nio/fs/WindowsException'> (0x00000000dfa650a8) thrown at [C:\src\AOSP-openjdk-git\hotspot\src\share\vm\prims\jni.cpp, line 710]
Event: 16.700 Thread 0x0000000023ce7800 Exception <a 'sun/nio/fs/WindowsException'> (0x00000000dfa66178) thrown at [C:\src\AOSP-openjdk-git\hotspot\src\share\vm\prims\jni.cpp, line 710]
Event: 16.701 Thread 0x0000000023ce7800 Exception <a 'sun/nio/fs/WindowsException'> (0x00000000dfa66d58) thrown at [C:\src\AOSP-openjdk-git\hotspot\src\share\vm\prims\jni.cpp, line 710]
Event: 16.701 Thread 0x0000000023ce7800 Exception <a 'sun/nio/fs/WindowsException'> (0x00000000dfa67dd8) thrown at [C:\src\AOSP-openjdk-git\hotspot\src\share\vm\prims\jni.cpp, line 710]
Event: 16.704 Thread 0x0000000020b38800 Exception <a 'sun/nio/fs/WindowsException'> (0x00000000f6b75d98) thrown at [C:\src\AOSP-openjdk-git\hotspot\src\share\vm\prims\jni.cpp, line 710]
Event: 17.517 Thread 0x0000000023ce9000 Exception <a 'sun/nio/fs/WindowsException'> (0x00000000db41a498) thrown at [C:\src\AOSP-openjdk-git\hotspot\src\share\vm\prims\jni.cpp, line 710]
Event: 17.550 Thread 0x0000000023ce7000 Exception <a 'sun/nio/fs/WindowsException'> (0x00000000dc361408) thrown at [C:\src\AOSP-openjdk-git\hotspot\src\share\vm\prims\jni.cpp, line 710]
Event: 17.553 Thread 0x0000000023cea800 Exception <a 'sun/nio/fs/WindowsException'> (0x00000000dc4e3328) thrown at [C:\src\AOSP-openjdk-git\hotspot\src\share\vm\prims\jni.cpp, line 710]
Event: 17.555 Thread 0x0000000023ce8800 Exception <a 'sun/nio/fs/WindowsException'> (0x00000000d9f028e0) thrown at [C:\src\AOSP-openjdk-git\hotspot\src\share\vm\prims\jni.cpp, line 710]
Event: 17.564 Thread 0x0000000023cea800 Exception <a 'sun/nio/fs/WindowsException'> (0x00000000dd03b0c0) thrown at [C:\src\AOSP-openjdk-git\hotspot\src\share\vm\prims\jni.cpp, line 710]

Events (10 events):
Event: 17.569 Thread 0x0000000020b38800 DEOPT PACKING pc=0x0000000004bc652c sp=0x000000002993d6b0
Event: 17.569 Thread 0x0000000020b38800 DEOPT UNPACKING pc=0x0000000002b675d0 sp=0x000000002993d4e8 mode 0
Event: 17.570 loading class com/android/tools/r8/utils/z
Event: 17.570 loading class com/android/tools/r8/utils/z done
Event: 17.571 loading class com/android/tools/r8/utils/z
Event: 17.571 loading class com/android/tools/r8/utils/z done
Event: 17.572 loading class com/android/tools/r8/u/b/h0
Event: 17.572 loading class com/android/tools/r8/u/b/h0 done
Event: 17.572 loading class com/android/tools/r8/utils/z
Event: 17.572 loading class com/android/tools/r8/utils/z done


Dynamic libraries:
0x00007ff614a70000 - 0x00007ff614aa1000 	C:\Program Files\Android\Android Studio\jre\bin\java.exe
0x00007ff9a7b70000 - 0x00007ff9a7d65000 	C:\WINDOWS\SYSTEM32\ntdll.dll
0x00007ff9a5f00000 - 0x00007ff9a5fbd000 	C:\WINDOWS\System32\KERNEL32.DLL
0x00007ff9a53e0000 - 0x00007ff9a56a7000 	C:\WINDOWS\System32\KERNELBASE.dll
0x00007ff9a6a20000 - 0x00007ff9a6aca000 	C:\WINDOWS\System32\ADVAPI32.dll
0x00007ff9a6bc0000 - 0x00007ff9a6c5e000 	C:\WINDOWS\System32\msvcrt.dll
0x00007ff9a5c40000 - 0x00007ff9a5cdb000 	C:\WINDOWS\System32\sechost.dll
0x00007ff9a6e00000 - 0x00007ff9a6f24000 	C:\WINDOWS\System32\RPCRT4.dll
0x00007ff9a6c60000 - 0x00007ff9a6e00000 	C:\WINDOWS\System32\USER32.dll
0x00007ff9a53b0000 - 0x00007ff9a53d2000 	C:\WINDOWS\System32\win32u.dll
0x00007ff9a7b00000 - 0x00007ff9a7b2a000 	C:\WINDOWS\System32\GDI32.dll
0x00007ff9a56b0000 - 0x00007ff9a57b9000 	C:\WINDOWS\System32\gdi32full.dll
0x00007ff9a59a0000 - 0x00007ff9a5a3d000 	C:\WINDOWS\System32\msvcp_win.dll
0x00007ff9a5aa0000 - 0x00007ff9a5ba0000 	C:\WINDOWS\System32\ucrtbase.dll
0x00007ff997a60000 - 0x00007ff997cfb000 	C:\WINDOWS\WinSxS\amd64_microsoft.windows.common-controls_6595b64144ccf1df_6.0.19041.488_none_ca04af081b815d21\COMCTL32.dll
0x00007ff9a5ce0000 - 0x00007ff9a5d10000 	C:\WINDOWS\System32\IMM32.DLL
0x0000000068670000 - 0x0000000068742000 	C:\Program Files\Android\Android Studio\jre\jre\bin\msvcr100.dll
0x0000000068750000 - 0x0000000068f9b000 	C:\Program Files\Android\Android Studio\jre\jre\bin\server\jvm.dll
0x00007ff9a6ad0000 - 0x00007ff9a6ad8000 	C:\WINDOWS\System32\PSAPI.DLL
0x00007ff98f590000 - 0x00007ff98f599000 	C:\WINDOWS\SYSTEM32\WSOCK32.dll
0x00007ff99e5b0000 - 0x00007ff99e5ba000 	C:\WINDOWS\SYSTEM32\VERSION.dll
0x00007ff997eb0000 - 0x00007ff997ed7000 	C:\WINDOWS\SYSTEM32\WINMM.dll
0x00007ff9a61c0000 - 0x00007ff9a622b000 	C:\WINDOWS\System32\WS2_32.dll
0x00007ff97b390000 - 0x00007ff97b39f000 	C:\Program Files\Android\Android Studio\jre\jre\bin\verify.dll
0x00007ff977650000 - 0x00007ff977679000 	C:\Program Files\Android\Android Studio\jre\jre\bin\java.dll
0x00007ff97b180000 - 0x00007ff97b196000 	C:\Program Files\Android\Android Studio\jre\jre\bin\zip.dll
0x00007ff9a7290000 - 0x00007ff9a79d1000 	C:\WINDOWS\System32\SHELL32.dll
0x00007ff9a3410000 - 0x00007ff9a3ba3000 	C:\WINDOWS\SYSTEM32\windows.storage.dll
0x00007ff9a6f30000 - 0x00007ff9a7285000 	C:\WINDOWS\System32\combase.dll
0x00007ff9a4d20000 - 0x00007ff9a4d4c000 	C:\WINDOWS\SYSTEM32\Wldp.dll
0x00007ff9a63e0000 - 0x00007ff9a648e000 	C:\WINDOWS\System32\SHCORE.dll
0x00007ff9a5e20000 - 0x00007ff9a5e75000 	C:\WINDOWS\System32\shlwapi.dll
0x00007ff9a51e0000 - 0x00007ff9a5206000 	C:\WINDOWS\SYSTEM32\profapi.dll
0x00007ff9773c0000 - 0x00007ff9773da000 	C:\Program Files\Android\Android Studio\jre\jre\bin\net.dll
0x00007ff9a4aa0000 - 0x00007ff9a4b0a000 	C:\WINDOWS\system32\mswsock.dll
0x00007ff975b80000 - 0x00007ff975b93000 	C:\Program Files\Android\Android Studio\jre\jre\bin\nio.dll
0x00007ff974c20000 - 0x00007ff974c46000 	C:\Users\Advice\.gradle\native\31\windows-amd64\native-platform.dll
0x00007ff977610000 - 0x00007ff97761d000 	C:\Program Files\Android\Android Studio\jre\jre\bin\management.dll
0x00007ff9a4c70000 - 0x00007ff9a4c88000 	C:\WINDOWS\SYSTEM32\CRYPTSP.dll
0x00007ff9a43c0000 - 0x00007ff9a43f4000 	C:\WINDOWS\system32\rsaenh.dll
0x00007ff9a5ba0000 - 0x00007ff9a5bc7000 	C:\WINDOWS\System32\bcrypt.dll
0x00007ff9a51a0000 - 0x00007ff9a51ce000 	C:\WINDOWS\SYSTEM32\USERENV.dll
0x00007ff9a5920000 - 0x00007ff9a599f000 	C:\WINDOWS\System32\bcryptprimitives.dll
0x00007ff9a4c90000 - 0x00007ff9a4c9c000 	C:\WINDOWS\SYSTEM32\CRYPTBASE.dll
0x00007ff9a4740000 - 0x00007ff9a477b000 	C:\WINDOWS\SYSTEM32\IPHLPAPI.DLL
0x00007ff9a5c30000 - 0x00007ff9a5c39000 	C:\WINDOWS\System32\NSI.dll
0x00007ff99e720000 - 0x00007ff99e737000 	C:\WINDOWS\SYSTEM32\dhcpcsvc6.DLL
0x00007ff99e700000 - 0x00007ff99e71d000 	C:\WINDOWS\SYSTEM32\dhcpcsvc.DLL
0x00007ff9a4780000 - 0x00007ff9a484b000 	C:\WINDOWS\SYSTEM32\DNSAPI.dll
0x00007ff975200000 - 0x00007ff975224000 	C:\Program Files\Android\Android Studio\jre\jre\bin\sunec.dll
0x00007ff99e5a0000 - 0x00007ff99e5aa000 	C:\Windows\System32\rasadhlp.dll
0x00007ff99c810000 - 0x00007ff99c88f000 	C:\WINDOWS\System32\fwpuclnt.dll
0x00007ff9773b0000 - 0x00007ff9773bb000 	C:\Program Files\Android\Android Studio\jre\jre\bin\sunmscapi.dll
0x00007ff9a57c0000 - 0x00007ff9a591d000 	C:\WINDOWS\System32\CRYPT32.dll
0x00007ff964e30000 - 0x00007ff964fcc000 	C:\Program Files\Android\Android Studio\jre\jre\bin\awt.dll
0x00007ff9a60f0000 - 0x00007ff9a61bd000 	C:\WINDOWS\System32\OLEAUT32.dll
0x00007ff9a3030000 - 0x00007ff9a305f000 	C:\WINDOWS\SYSTEM32\dwmapi.dll
0x00007ff9a16f0000 - 0x00007ff9a1cb0000 	C:\WINDOWS\SYSTEM32\d2d1.dll
0x00007ff9a2b80000 - 0x00007ff9a2c10000 	C:\WINDOWS\SYSTEM32\apphelp.dll
0x00007ff9a2cb0000 - 0x00007ff9a2d4f000 	C:\WINDOWS\system32\uxtheme.dll

VM Arguments:
jvm_args: -Xmx2048m -Dfile.encoding=windows-1252 -Duser.country=US -Duser.language=en -Duser.variant 
java_command: org.gradle.launcher.daemon.bootstrap.GradleDaemon 6.1.1
java_class_path (initial): C:\Users\Advice\.gradle\wrapper\dists\gradle-6.1.1-all\cfmwm155h49vnt3hynmlrsdst\gradle-6.1.1\lib\gradle-launcher-6.1.1.jar
Launcher Type: SUN_STANDARD

Environment Variables:
JAVA_HOME=C:\Program Files\Android\Android Studio\jre
PATH=C:\Program Files (x86)\Common Files\Oracle\Java\javapath;C:\Program Files (x86)\Java\jdk-13.0.1\bin;C:\Program Files\flutter\bin;C:\Program Files\Git\cmd;C:\Users\Advice\AppData\Local\Android\Sdk;C:\Program Files\flutter\bin\cache\dart-sdk\bin;;C:\WINDOWS\system32;C:\WINDOWS;C:\WINDOWS\System32\Wbem;C:\WINDOWS\System32\WindowsPowerShell\v1.0\;C:\WINDOWS\System32\OpenSSH\;C:\Program Files\Microsoft SQL Server\Client SDK\ODBC\170\Tools\Binn\;C:\Program Files (x86)\Microsoft SQL Server\150\Tools\Binn\;C:\Program Files\Microsoft SQL Server\150\Tools\Binn\;C:\Program Files\Microsoft SQL Server\150\DTS\Binn\;C:\Program Files (x86)\Microsoft SQL Server\150\DTS\Binn\;C:\Program Files\dotnet\;C:\Program Files\nodejs\;C:\Users\Advice\AppData\Local\Microsoft\WindowsApps;C:\Program Files\flutter\bin;C:\Program Files\Git;C:\Windows\System32;C:\Program Files\flutter\bin\cache\dart-sdk\bin;C:\Users\Advice\AppData\Local\Programs\Microsoft VS Code\bin;C:\Users\Advice\.dotnet\tools;C:\Users\Advice\AppData\Roaming\npm
USERNAME=Beer
OS=Windows_NT
PROCESSOR_IDENTIFIER=Intel64 Family 6 Model 158 Stepping 13, GenuineIntel



---------------  S Y S T E M  ---------------

OS: Windows 10.0 , 64 bit Build 19041 (10.0.19041.292)

CPU:total 12 (initial active 12) (6 cores per cpu, 2 threads per core) family 6 model 158 stepping 13, cmov, cx8, fxsr, mmx, sse, sse2, sse3, ssse3, sse4.1, sse4.2, popcnt, avx, avx2, aes, clmul, erms, 3dnowpref, lzcnt, ht, tsc, tscinvbit, bmi1, bmi2, adx

Memory: 4k page, physical 8231476k(1870152k free), swap 8231476k(5136k free)

vm_info: OpenJDK 64-Bit Server VM (25.242-b01) for windows-amd64 JRE (1.8.0_242-release-1644-b01), built by "builder" with MS VC++ 10.0 (VS2010)

time: Mon Oct 05 17:53:06 2020
timezone: SE Asia Standard Time
elapsed time: 17 seconds (0d 0h 0m 17s)

