#
# There is insufficient memory for the Java Runtime Environment to continue.
# Native memory allocation (malloc) failed to allocate 1336624 bytes for Chunk::new
# Possible reasons:
#   The system is out of physical RAM or swap space
#   The process is running with CompressedOops enabled, and the Java Heap may be blocking the growth of the native heap
# Possible solutions:
#   Reduce memory load on the system
#   Increase physical memory or swap space
#   Check if swap backing store is full
#   Decrease Java heap size (-Xmx/-Xms)
#   Decrease number of Java threads
#   Decrease Java thread stack sizes (-Xss)
#   Set larger code cache with -XX:ReservedCodeCacheSize=
#   JVM is running with Unscaled Compressed Oops mode in which the Java heap is
#     placed in the first 4GB address space. The Java Heap base address is the
#     maximum limit for the native heap growth. Please use -XX:HeapBaseMinAddress
#     to set the Java Heap base and to place the Java Heap above 4GB virtual address.
# This output file may be truncated or incomplete.
#
#  Out of Memory Error (allocation.cpp:389), pid=15976, tid=0x000000000000040c
#
# JRE version: OpenJDK Runtime Environment (8.0_242-b01) (build 1.8.0_242-release-1644-b01)
# Java VM: OpenJDK 64-Bit Server VM (25.242-b01 mixed mode windows-amd64 compressed oops)
# Failed to write core dump. Minidumps are not enabled by default on client versions of Windows
#

---------------  T H R E A D  ---------------

Current thread (0x0000000019983800):  JavaThread "C2 CompilerThread2" daemon [_thread_in_native, id=1036, stack(0x000000001b1f0000,0x000000001b2f0000)]

Stack: [0x000000001b1f0000,0x000000001b2f0000]
[error occurred during error reporting (printing stack bounds), id 0xc0000005]

Native frames: (J=compiled Java code, j=interpreted, Vv=VM code, C=native code)


Current CompileTask:
C2:   3240 2541       4       groovy.lang.MetaClassImpl$1MOPIter::methodNameAction (325 bytes)


---------------  P R O C E S S  ---------------

Java Threads: ( => current thread )
  0x000000001dd5c800 JavaThread "Cache worker for execution history cache (C:\Users\Advice\.gradle\caches\6.1.1\executionHistory)" [_thread_blocked, id=15280, stack(0x00000000230b0000,0x00000000231b0000)]
  0x000000001dd5f800 JavaThread "Cache worker for cache directory md-rule (C:\Users\Advice\.gradle\caches\6.1.1\md-rule)" [_thread_blocked, id=3004, stack(0x0000000022fb0000,0x00000000230b0000)]
  0x000000001d168000 JavaThread "Cache worker for cache directory md-supplier (C:\Users\Advice\.gradle\caches\6.1.1\md-supplier)" [_thread_blocked, id=9284, stack(0x0000000021b30000,0x0000000021c30000)]
  0x000000001d16b000 JavaThread "Cache worker for file hash cache (C:\Users\Advice\Desktop\bt_Crytography\Cryptography\.gradle\6.1.1\fileHashes)" [_thread_blocked, id=14212, stack(0x0000000021ce0000,0x0000000021de0000)]
  0x000000001d16a000 JavaThread "Cache worker for checksums cache (C:\Users\Advice\Desktop\bt_Crytography\Cryptography\.gradle\checksums)" [_thread_blocked, id=6788, stack(0x00000000205e0000,0x00000000206e0000)]
  0x000000001d169800 JavaThread "Cache worker for file hash cache (C:\Users\Advice\.gradle\caches\6.1.1\fileHashes)" [_thread_blocked, id=5236, stack(0x000000001f510000,0x000000001f610000)]
  0x000000001d168800 JavaThread "File lock request listener" [_thread_in_native, id=7192, stack(0x000000001f410000,0x000000001f510000)]
  0x000000001d54d000 JavaThread "Cache worker for journal cache (C:\Users\Advice\.gradle\caches\journal-1)" [_thread_blocked, id=10640, stack(0x000000001f310000,0x000000001f410000)]
  0x000000001d1da000 JavaThread "Thread-9" [_thread_blocked, id=16068, stack(0x000000001f010000,0x000000001f110000)]
  0x000000001d16d000 JavaThread "Stdin handler" [_thread_blocked, id=10304, stack(0x000000001ef10000,0x000000001f010000)]
  0x000000001d16c800 JavaThread "Asynchronous log dispatcher for DefaultDaemonConnection: socket connection from /127.0.0.1:57618 to /127.0.0.1:57619" [_thread_blocked, id=9048, stack(0x000000001ee10000,0x000000001ef10000)]
  0x000000001d1dd000 JavaThread "Daemon worker" [_thread_in_vm, id=7304, stack(0x000000001ed10000,0x000000001ee10000)]
  0x000000001d1df000 JavaThread "Cancel handler" [_thread_blocked, id=13716, stack(0x000000001eb10000,0x000000001ec10000)]
  0x000000001c38e000 JavaThread "Handler for socket connection from /127.0.0.1:57618 to /127.0.0.1:57619" [_thread_in_native, id=10020, stack(0x000000001e810000,0x000000001e910000)]
  0x000000001c38b000 JavaThread "Daemon" [_thread_blocked, id=3884, stack(0x000000001e710000,0x000000001e810000)]
  0x000000001d0b5800 JavaThread "Daemon periodic checks" [_thread_blocked, id=4076, stack(0x000000001e610000,0x000000001e710000)]
  0x000000001d0a4800 JavaThread "Incoming local TCP Connector on port 57618" [_thread_in_native, id=16324, stack(0x000000001e3d0000,0x000000001e4d0000)]
  0x000000001d080000 JavaThread "Daemon health stats" [_thread_blocked, id=12108, stack(0x000000001dd90000,0x000000001de90000)]
  0x0000000019a02000 JavaThread "Service Thread" daemon [_thread_blocked, id=10224, stack(0x000000001b3f0000,0x000000001b4f0000)]
  0x0000000019988000 JavaThread "C1 CompilerThread3" daemon [_thread_blocked, id=13772, stack(0x000000001b2f0000,0x000000001b3f0000)]
=>0x0000000019983800 JavaThread "C2 CompilerThread2" daemon [_thread_in_native, id=1036, stack(0x000000001b1f0000,0x000000001b2f0000)]
  0x000000001997f000 JavaThread "C2 CompilerThread1" daemon [_thread_in_native, id=10616, stack(0x000000001b0f0000,0x000000001b1f0000)]
  0x0000000019974800 JavaThread "C2 CompilerThread0" daemon [_thread_in_native, id=11236, stack(0x000000001aff0000,0x000000001b0f0000)]
  0x0000000019971800 JavaThread "Attach Listener" daemon [_thread_blocked, id=11384, stack(0x000000001aef0000,0x000000001aff0000)]
  0x0000000019970000 JavaThread "Signal Dispatcher" daemon [_thread_blocked, id=12256, stack(0x000000001adf0000,0x000000001aef0000)]
  0x000000000302b000 JavaThread "Finalizer" daemon [_thread_blocked, id=1752, stack(0x000000001abf0000,0x000000001acf0000)]
  0x0000000019963000 JavaThread "Reference Handler" daemon [_thread_blocked, id=7528, stack(0x000000001aaf0000,0x000000001abf0000)]
  0x0000000002dee800 JavaThread "main" [_thread_blocked, id=9868, stack(0x0000000002e30000,0x0000000002f30000)]

Other Threads:
  0x0000000018296000 VMThread [stack: 0x000000001a9f0000,0x000000001aaf0000] [id=15260]
  0x0000000019a03800 WatcherThread [stack: 0x000000001b4f0000,0x000000001b5f0000] [id=1128]

VM state:not at safepoint (normal execution)

VM Mutex/Monitor currently owned by a thread: None

heap address: 0x0000000080000000, size: 2048 MB, Compressed Oops mode: 32-bit
Narrow klass base: 0x0000000000000000, Narrow klass shift: 3
Compressed class space size: 1073741824 Address: 0x0000000100000000

Heap:
 PSYoungGen      total 136192K, used 37383K [0x00000000d5580000, 0x00000000ddf80000, 0x0000000100000000)
  eden space 131072K, 28% used [0x00000000d5580000,0x00000000d7a01f68,0x00000000dd580000)
  from space 5120K, 0% used [0x00000000dd580000,0x00000000dd580000,0x00000000dda80000)
  to   space 5120K, 0% used [0x00000000dda80000,0x00000000dda80000,0x00000000ddf80000)
 ParOldGen       total 57344K, used 21559K [0x0000000080000000, 0x0000000083800000, 0x00000000d5580000)
  object space 57344K, 37% used [0x0000000080000000,0x000000008150ddc0,0x0000000083800000)
 Metaspace       used 36519K, capacity 37598K, committed 37808K, reserved 1081344K
  class space    used 4851K, capacity 5169K, committed 5296K, reserved 1048576K

Card table byte_map: [0x00000000123f0000,0x0000000012800000] byte_map_base: 0x0000000011ff0000

Marking Bits: (ParMarkBitMap*) 0x0000000068f1f030
 Begin Bits: [0x00000000134b0000, 0x00000000154b0000)
 End Bits:   [0x00000000154b0000, 0x00000000174b0000)

Polling page: 0x0000000001090000

CodeCache: size=245760Kb used=12061Kb max_used=12063Kb free=233698Kb
 bounds [0x0000000003030000, 0x0000000003c00000, 0x0000000012030000]
 total_blobs=3930 nmethods=3210 adapters=632
 compilation: enabled

Compilation events (10 events):
Event: 3.205 Thread 0x0000000019988000 3217       3       org.objectweb.asm.FieldWriter::<init> (69 bytes)
Event: 3.205 Thread 0x0000000019988000 nmethod 3217 0x0000000003be1dd0 code [0x0000000003be1f80, 0x0000000003be2548]
Event: 3.205 Thread 0x0000000019988000 3216       1       com.google.common.collect.LinkedHashMultimap$ValueSet::access$000 (5 bytes)
Event: 3.205 Thread 0x0000000019988000 nmethod 3216 0x0000000003be1b10 code [0x0000000003be1c60, 0x0000000003be1d50]
Event: 3.219 Thread 0x0000000019988000 3218       3       org.gradle.internal.service.RelevantMethods::toServiceMethodList (61 bytes)
Event: 3.219 Thread 0x0000000019988000 nmethod 3218 0x0000000003be0650 code [0x0000000003be0880, 0x0000000003be14c8]
Event: 3.237 Thread 0x0000000019988000 3220       3       java.util.LinkedList::addAll (182 bytes)
Event: 3.238 Thread 0x0000000019988000 nmethod 3220 0x0000000003bdf590 code [0x0000000003bdf780, 0x0000000003be00b8]
Event: 3.238 Thread 0x0000000019988000 3219       3       java.util.LinkedList::addAll (10 bytes)
Event: 3.238 Thread 0x0000000019988000 nmethod 3219 0x0000000003bdf1d0 code [0x0000000003bdf340, 0x0000000003bdf4e8]

GC Heap History (10 events):
Event: 1.838 GC heap before
{Heap before GC invocations=5 (full 0):
 PSYoungGen      total 136192K, used 12118K [0x00000000d5580000, 0x00000000ddf80000, 0x0000000100000000)
  eden space 131072K, 5% used [0x00000000d5580000,0x00000000d5c59ac0,0x00000000dd580000)
  from space 5120K, 99% used [0x00000000dda80000,0x00000000ddf7c030,0x00000000ddf80000)
  to   space 5120K, 0% used [0x00000000dd580000,0x00000000dd580000,0x00000000dda80000)
 ParOldGen       total 86016K, used 11601K [0x0000000080000000, 0x0000000085400000, 0x00000000d5580000)
  object space 86016K, 13% used [0x0000000080000000,0x0000000080b54478,0x0000000085400000)
 Metaspace       used 20561K, capacity 21218K, committed 21296K, reserved 1067008K
  class space    used 2891K, capacity 3093K, committed 3120K, reserved 1048576K
Event: 1.842 GC heap after
Heap after GC invocations=5 (full 0):
 PSYoungGen      total 136192K, used 5088K [0x00000000d5580000, 0x00000000ddf80000, 0x0000000100000000)
  eden space 131072K, 0% used [0x00000000d5580000,0x00000000d5580000,0x00000000dd580000)
  from space 5120K, 99% used [0x00000000dd580000,0x00000000dda78040,0x00000000dda80000)
  to   space 5120K, 0% used [0x00000000dda80000,0x00000000dda80000,0x00000000ddf80000)
 ParOldGen       total 86016K, used 12056K [0x0000000080000000, 0x0000000085400000, 0x00000000d5580000)
  object space 86016K, 14% used [0x0000000080000000,0x0000000080bc6208,0x0000000085400000)
 Metaspace       used 20561K, capacity 21218K, committed 21296K, reserved 1067008K
  class space    used 2891K, capacity 3093K, committed 3120K, reserved 1048576K
}
Event: 1.842 GC heap before
{Heap before GC invocations=6 (full 1):
 PSYoungGen      total 136192K, used 5088K [0x00000000d5580000, 0x00000000ddf80000, 0x0000000100000000)
  eden space 131072K, 0% used [0x00000000d5580000,0x00000000d5580000,0x00000000dd580000)
  from space 5120K, 99% used [0x00000000dd580000,0x00000000dda78040,0x00000000dda80000)
  to   space 5120K, 0% used [0x00000000dda80000,0x00000000dda80000,0x00000000ddf80000)
 ParOldGen       total 86016K, used 12056K [0x0000000080000000, 0x0000000085400000, 0x00000000d5580000)
  object space 86016K, 14% used [0x0000000080000000,0x0000000080bc6208,0x0000000085400000)
 Metaspace       used 20561K, capacity 21218K, committed 21296K, reserved 1067008K
  class space    used 2891K, capacity 3093K, committed 3120K, reserved 1048576K
Event: 1.866 GC heap after
Heap after GC invocations=6 (full 1):
 PSYoungGen      total 136192K, used 0K [0x00000000d5580000, 0x00000000ddf80000, 0x0000000100000000)
  eden space 131072K, 0% used [0x00000000d5580000,0x00000000d5580000,0x00000000dd580000)
  from space 5120K, 0% used [0x00000000dd580000,0x00000000dd580000,0x00000000dda80000)
  to   space 5120K, 0% used [0x00000000dda80000,0x00000000dda80000,0x00000000ddf80000)
 ParOldGen       total 57344K, used 7982K [0x0000000080000000, 0x0000000083800000, 0x00000000d5580000)
  object space 57344K, 13% used [0x0000000080000000,0x00000000807cb988,0x0000000083800000)
 Metaspace       used 20561K, capacity 21218K, committed 21296K, reserved 1067008K
  class space    used 2891K, capacity 3093K, committed 3120K, reserved 1048576K
}
Event: 2.663 GC heap before
{Heap before GC invocations=7 (full 1):
 PSYoungGen      total 136192K, used 131072K [0x00000000d5580000, 0x00000000ddf80000, 0x0000000100000000)
  eden space 131072K, 100% used [0x00000000d5580000,0x00000000dd580000,0x00000000dd580000)
  from space 5120K, 0% used [0x00000000dd580000,0x00000000dd580000,0x00000000dda80000)
  to   space 5120K, 0% used [0x00000000dda80000,0x00000000dda80000,0x00000000ddf80000)
 ParOldGen       total 57344K, used 7982K [0x0000000080000000, 0x0000000083800000, 0x00000000d5580000)
  object space 57344K, 13% used [0x0000000080000000,0x00000000807cb988,0x0000000083800000)
 Metaspace       used 32702K, capacity 33570K, committed 33712K, reserved 1079296K
  class space    used 4433K, capacity 4713K, committed 4784K, reserved 1048576K
Event: 2.671 GC heap after
Heap after GC invocations=7 (full 1):
 PSYoungGen      total 136192K, used 5116K [0x00000000d5580000, 0x00000000ddf80000, 0x0000000100000000)
  eden space 131072K, 0% used [0x00000000d5580000,0x00000000d5580000,0x00000000dd580000)
  from space 5120K, 99% used [0x00000000dda80000,0x00000000ddf7f110,0x00000000ddf80000)
  to   space 5120K, 0% used [0x00000000dd580000,0x00000000dd580000,0x00000000dda80000)
 ParOldGen       total 57344K, used 16523K [0x0000000080000000, 0x0000000083800000, 0x00000000d5580000)
  object space 57344K, 28% used [0x0000000080000000,0x0000000081022d48,0x0000000083800000)
 Metaspace       used 32702K, capacity 33570K, committed 33712K, reserved 1079296K
  class space    used 4433K, capacity 4713K, committed 4784K, reserved 1048576K
}
Event: 2.826 GC heap before
{Heap before GC invocations=8 (full 1):
 PSYoungGen      total 136192K, used 28007K [0x00000000d5580000, 0x00000000ddf80000, 0x0000000100000000)
  eden space 131072K, 17% used [0x00000000d5580000,0x00000000d6bdab78,0x00000000dd580000)
  from space 5120K, 99% used [0x00000000dda80000,0x00000000ddf7f110,0x00000000ddf80000)
  to   space 5120K, 0% used [0x00000000dd580000,0x00000000dd580000,0x00000000dda80000)
 ParOldGen       total 57344K, used 16523K [0x0000000080000000, 0x0000000083800000, 0x00000000d5580000)
  object space 57344K, 28% used [0x0000000080000000,0x0000000081022d48,0x0000000083800000)
 Metaspace       used 34560K, capacity 35374K, committed 35496K, reserved 1079296K
  class space    used 4595K, capacity 4843K, committed 4912K, reserved 1048576K
Event: 2.832 GC heap after
Heap after GC invocations=8 (full 1):
 PSYoungGen      total 136192K, used 5104K [0x00000000d5580000, 0x00000000ddf80000, 0x0000000100000000)
  eden space 131072K, 0% used [0x00000000d5580000,0x00000000d5580000,0x00000000dd580000)
  from space 5120K, 99% used [0x00000000dd580000,0x00000000dda7c010,0x00000000dda80000)
  to   space 5120K, 0% used [0x00000000dda80000,0x00000000dda80000,0x00000000ddf80000)
 ParOldGen       total 57344K, used 19270K [0x0000000080000000, 0x0000000083800000, 0x00000000d5580000)
  object space 57344K, 33% used [0x0000000080000000,0x00000000812d1820,0x0000000083800000)
 Metaspace       used 34560K, capacity 35374K, committed 35496K, reserved 1079296K
  class space    used 4595K, capacity 4843K, committed 4912K, reserved 1048576K
}
Event: 2.832 GC heap before
{Heap before GC invocations=9 (full 2):
 PSYoungGen      total 136192K, used 5104K [0x00000000d5580000, 0x00000000ddf80000, 0x0000000100000000)
  eden space 131072K, 0% used [0x00000000d5580000,0x00000000d5580000,0x00000000dd580000)
  from space 5120K, 99% used [0x00000000dd580000,0x00000000dda7c010,0x00000000dda80000)
  to   space 5120K, 0% used [0x00000000dda80000,0x00000000dda80000,0x00000000ddf80000)
 ParOldGen       total 57344K, used 19270K [0x0000000080000000, 0x0000000083800000, 0x00000000d5580000)
  object space 57344K, 33% used [0x0000000080000000,0x00000000812d1820,0x0000000083800000)
 Metaspace       used 34560K, capacity 35374K, committed 35496K, reserved 1079296K
  class space    used 4595K, capacity 4843K, committed 4912K, reserved 1048576K
Event: 2.900 GC heap after
Heap after GC invocations=9 (full 2):
 PSYoungGen      total 136192K, used 0K [0x00000000d5580000, 0x00000000ddf80000, 0x0000000100000000)
  eden space 131072K, 0% used [0x00000000d5580000,0x00000000d5580000,0x00000000dd580000)
  from space 5120K, 0% used [0x00000000dd580000,0x00000000dd580000,0x00000000dda80000)
  to   space 5120K, 0% used [0x00000000dda80000,0x00000000dda80000,0x00000000ddf80000)
 ParOldGen       total 57344K, used 21559K [0x0000000080000000, 0x0000000083800000, 0x00000000d5580000)
  object space 57344K, 37% used [0x0000000080000000,0x000000008150ddc0,0x0000000083800000)
 Metaspace       used 34560K, capacity 35374K, committed 35496K, reserved 1079296K
  class space    used 4595K, capacity 4843K, committed 4912K, reserved 1048576K
}

Deoptimization events (10 events):
Event: 2.671 Thread 0x0000000019963000 Uncommon trap: reason=unstable_if action=reinterpret pc=0x000000000366047c method=java.lang.ref.Reference.tryHandlePending(Z)Z @ 104
Event: 2.727 Thread 0x000000001d1dd000 Uncommon trap: reason=unstable_if action=reinterpret pc=0x000000000375be20 method=java.io.BufferedInputStream.read([BII)I @ 56
Event: 2.731 Thread 0x000000001d1dd000 Uncommon trap: reason=unstable_if action=reinterpret pc=0x0000000003754e28 method=sun.misc.MetaIndex.mayContain(Ljava/lang/String;)Z @ 38
Event: 2.748 Thread 0x000000001d1dd000 Uncommon trap: reason=unstable_if action=reinterpret pc=0x000000000373efe8 method=sun.misc.MetaIndex.mayContain(Ljava/lang/String;)Z @ 38
Event: 2.953 Thread 0x000000001d1dd000 Uncommon trap: reason=unstable_if action=reinterpret pc=0x0000000003904140 method=org.objectweb.asm.ByteVector.putShort(I)Lorg/objectweb/asm/ByteVector; @ 13
Event: 2.965 Thread 0x000000001d1dd000 Uncommon trap: reason=unstable_if action=reinterpret pc=0x0000000003a0a38c method=java.lang.ClassValue.match(Ljava/lang/ClassValue$Entry;)Z @ 12
Event: 2.973 Thread 0x000000001d1dd000 Uncommon trap: reason=unstable_if action=reinterpret pc=0x0000000003a462f8 method=java.lang.ClassValue.match(Ljava/lang/ClassValue$Entry;)Z @ 12
Event: 2.976 Thread 0x000000001d1dd000 Uncommon trap: reason=unstable_if action=reinterpret pc=0x000000000375a084 method=sun.misc.URLClassPath$JarLoader.getResource(Ljava/lang/String;ZLjava/util/Set;)Lsun/misc/Resource; @ 17
Event: 3.093 Thread 0x000000001d1dd000 Uncommon trap: reason=unstable_if action=reinterpret pc=0x00000000035ac45c method=java.util.HashMap.putVal(ILjava/lang/Object;Ljava/lang/Object;ZZ)Ljava/lang/Object; @ 162
Event: 3.100 Thread 0x000000001d1dd000 Uncommon trap: reason=range_check action=make_not_entrant pc=0x000000000398e188 method=java.lang.String.charAt(I)C @ 27

Classes redefined (0 events):
No events

Internal exceptions (10 events):
Event: 3.127 Thread 0x000000001d1dd000 Exception <a 'java/lang/ClassNotFoundException': org/gradle/plugin/use/internal/PluginsAwareScriptBeanInfo> (0x00000000d6ff9408) thrown at [C:\src\AOSP-openjdk-git\hotspot\src\share\vm\classfile\systemDictionary.cpp, line 210]
Event: 3.127 Thread 0x000000001d1dd000 Exception <a 'java/lang/ClassNotFoundException': org/gradle/plugin/use/internal/PluginsAwareScriptCustomizer> (0x00000000d7015178) thrown at [C:\src\AOSP-openjdk-git\hotspot\src\share\vm\classfile\systemDictionary.cpp, line 210]
Event: 3.129 Thread 0x000000001d1dd000 Exception <a 'java/lang/ClassNotFoundException': org/gradle/initialization/SettingsScriptCustomizer> (0x00000000d7034bf0) thrown at [C:\src\AOSP-openjdk-git\hotspot\src\share\vm\classfile\systemDictionary.cpp, line 210]
Event: 3.130 Thread 0x000000001d1dd000 Exception <a 'java/lang/ClassNotFoundException': settings_eli1qms7z21pchpkbvrdb9z53Customizer> (0x00000000d704a060) thrown at [C:\src\AOSP-openjdk-git\hotspot\src\share\vm\classfile\systemDictionary.cpp, line 210]
Event: 3.138 Thread 0x000000001d1dd000 Exception <a 'java/lang/ClassNotFoundException': org/gradle/initialization/DefaultSettings_DecoratedBeanInfo> (0x00000000d70e9258) thrown at [C:\src\AOSP-openjdk-git\hotspot\src\share\vm\classfile\systemDictionary.cpp, line 210]
Event: 3.138 Thread 0x000000001d1dd000 Exception <a 'java/lang/ClassNotFoundException': org/gradle/initialization/DefaultSettingsBeanInfo> (0x00000000d7114ce0) thrown at [C:\src\AOSP-openjdk-git\hotspot\src\share\vm\classfile\systemDictionary.cpp, line 210]
Event: 3.139 Thread 0x000000001d1dd000 Exception <a 'java/lang/ClassNotFoundException': org/gradle/initialization/DefaultSettingsCustomizer> (0x00000000d7142b28) thrown at [C:\src\AOSP-openjdk-git\hotspot\src\share\vm\classfile\systemDictionary.cpp, line 210]
Event: 3.143 Thread 0x000000001d1dd000 Exception <a 'java/lang/ClassNotFoundException': org/gradle/initialization/DefaultSettings_DecoratedCustomizer> (0x00000000d71b1620) thrown at [C:\src\AOSP-openjdk-git\hotspot\src\share\vm\classfile\systemDictionary.cpp, line 210]
Event: 3.153 Thread 0x000000001d1dd000 Exception <a 'java/lang/ClassNotFoundException': org/gradle/initialization/DefaultProjectDescriptorBeanInfo> (0x00000000d725e810) thrown at [C:\src\AOSP-openjdk-git\hotspot\src\share\vm\classfile\systemDictionary.cpp, line 210]
Event: 3.153 Thread 0x000000001d1dd000 Exception <a 'java/lang/ClassNotFoundException': org/gradle/initialization/DefaultProjectDescriptorCustomizer> (0x00000000d728f760) thrown at [C:\src\AOSP-openjdk-git\hotspot\src\share\vm\classfile\systemDictionary.cpp, line 210]

Events (10 events):
Event: 3.237 loading class org/gradle/api/file/FileSystemOperations
Event: 3.237 loading class org/gradle/api/file/FileSystemOperations done
Event: 3.237 loading class org/gradle/process/ExecOperations
Event: 3.237 loading class org/gradle/process/ExecOperations done
Event: 3.238 loading class java/io/FileWriter
Event: 3.238 loading class java/io/FileWriter done
Event: 3.238 Executing VM operation: Deoptimize
Event: 3.238 Executing VM operation: Deoptimize done
Event: 3.239 loading class org/gradle/api/internal/tasks/DefaultTaskContainerFactory
Event: 3.239 loading class org/gradle/api/internal/tasks/DefaultTaskContainerFactory done


Dynamic libraries:
0x00007ff614a70000 - 0x00007ff614aa1000 	C:\Program Files\Android\Android Studio\jre\bin\java.exe
0x00007ff9a7b70000 - 0x00007ff9a7d65000 	C:\WINDOWS\SYSTEM32\ntdll.dll
0x00007ff9a5f00000 - 0x00007ff9a5fbd000 	C:\WINDOWS\System32\KERNEL32.DLL
0x00007ff9a53e0000 - 0x00007ff9a56a7000 	C:\WINDOWS\System32\KERNELBASE.dll
0x00007ff9a6a20000 - 0x00007ff9a6aca000 	C:\WINDOWS\System32\ADVAPI32.dll
0x00007ff9a6bc0000 - 0x00007ff9a6c5e000 	C:\WINDOWS\System32\msvcrt.dll
0x00007ff9a5c40000 - 0x00007ff9a5cdb000 	C:\WINDOWS\System32\sechost.dll
0x00007ff9a6e00000 - 0x00007ff9a6f24000 	C:\WINDOWS\System32\RPCRT4.dll
0x00007ff9a6c60000 - 0x00007ff9a6e00000 	C:\WINDOWS\System32\USER32.dll
0x00007ff9a53b0000 - 0x00007ff9a53d2000 	C:\WINDOWS\System32\win32u.dll
0x00007ff9a7b00000 - 0x00007ff9a7b2a000 	C:\WINDOWS\System32\GDI32.dll
0x00007ff9a56b0000 - 0x00007ff9a57b9000 	C:\WINDOWS\System32\gdi32full.dll
0x00007ff9a59a0000 - 0x00007ff9a5a3d000 	C:\WINDOWS\System32\msvcp_win.dll
0x00007ff9a5aa0000 - 0x00007ff9a5ba0000 	C:\WINDOWS\System32\ucrtbase.dll
0x00007ff997a60000 - 0x00007ff997cfb000 	C:\WINDOWS\WinSxS\amd64_microsoft.windows.common-controls_6595b64144ccf1df_6.0.19041.488_none_ca04af081b815d21\COMCTL32.dll
0x00007ff9a5ce0000 - 0x00007ff9a5d10000 	C:\WINDOWS\System32\IMM32.DLL
0x0000000068670000 - 0x0000000068742000 	C:\Program Files\Android\Android Studio\jre\jre\bin\msvcr100.dll
0x0000000068750000 - 0x0000000068f9b000 	C:\Program Files\Android\Android Studio\jre\jre\bin\server\jvm.dll
0x00007ff9a6ad0000 - 0x00007ff9a6ad8000 	C:\WINDOWS\System32\PSAPI.DLL
0x00007ff99e5b0000 - 0x00007ff99e5ba000 	C:\WINDOWS\SYSTEM32\VERSION.dll
0x00007ff98f590000 - 0x00007ff98f599000 	C:\WINDOWS\SYSTEM32\WSOCK32.dll
0x00007ff997eb0000 - 0x00007ff997ed7000 	C:\WINDOWS\SYSTEM32\WINMM.dll
0x00007ff9a61c0000 - 0x00007ff9a622b000 	C:\WINDOWS\System32\WS2_32.dll
0x00007ff97b390000 - 0x00007ff97b39f000 	C:\Program Files\Android\Android Studio\jre\jre\bin\verify.dll
0x00007ff977650000 - 0x00007ff977679000 	C:\Program Files\Android\Android Studio\jre\jre\bin\java.dll
0x00007ff97b180000 - 0x00007ff97b196000 	C:\Program Files\Android\Android Studio\jre\jre\bin\zip.dll
0x00007ff9a7290000 - 0x00007ff9a79d1000 	C:\WINDOWS\System32\SHELL32.dll
0x00007ff9a3410000 - 0x00007ff9a3ba3000 	C:\WINDOWS\SYSTEM32\windows.storage.dll
0x00007ff9a6f30000 - 0x00007ff9a7285000 	C:\WINDOWS\System32\combase.dll
0x00007ff9a4d20000 - 0x00007ff9a4d4c000 	C:\WINDOWS\SYSTEM32\Wldp.dll
0x00007ff9a63e0000 - 0x00007ff9a648e000 	C:\WINDOWS\System32\SHCORE.dll
0x00007ff9a5e20000 - 0x00007ff9a5e75000 	C:\WINDOWS\System32\shlwapi.dll
0x00007ff9a51e0000 - 0x00007ff9a5206000 	C:\WINDOWS\SYSTEM32\profapi.dll
0x00007ff9773c0000 - 0x00007ff9773da000 	C:\Program Files\Android\Android Studio\jre\jre\bin\net.dll
0x00007ff9a4aa0000 - 0x00007ff9a4b0a000 	C:\WINDOWS\system32\mswsock.dll
0x00007ff975b80000 - 0x00007ff975b93000 	C:\Program Files\Android\Android Studio\jre\jre\bin\nio.dll
0x00007ff974c20000 - 0x00007ff974c46000 	C:\Users\Advice\.gradle\native\31\windows-amd64\native-platform.dll
0x00007ff977610000 - 0x00007ff97761d000 	C:\Program Files\Android\Android Studio\jre\jre\bin\management.dll
0x00007ff9a4c70000 - 0x00007ff9a4c88000 	C:\WINDOWS\SYSTEM32\CRYPTSP.dll
0x00007ff9a43c0000 - 0x00007ff9a43f4000 	C:\WINDOWS\system32\rsaenh.dll
0x00007ff9a5ba0000 - 0x00007ff9a5bc7000 	C:\WINDOWS\System32\bcrypt.dll
0x00007ff9a51a0000 - 0x00007ff9a51ce000 	C:\WINDOWS\SYSTEM32\USERENV.dll
0x00007ff9a5920000 - 0x00007ff9a599f000 	C:\WINDOWS\System32\bcryptprimitives.dll
0x00007ff9a4c90000 - 0x00007ff9a4c9c000 	C:\WINDOWS\SYSTEM32\CRYPTBASE.dll
0x00007ff9a4740000 - 0x00007ff9a477b000 	C:\WINDOWS\SYSTEM32\IPHLPAPI.DLL
0x00007ff9a5c30000 - 0x00007ff9a5c39000 	C:\WINDOWS\System32\NSI.dll
0x00007ff99e720000 - 0x00007ff99e737000 	C:\WINDOWS\SYSTEM32\dhcpcsvc6.DLL
0x00007ff99e700000 - 0x00007ff99e71d000 	C:\WINDOWS\SYSTEM32\dhcpcsvc.DLL
0x00007ff9a4780000 - 0x00007ff9a484b000 	C:\WINDOWS\SYSTEM32\DNSAPI.dll

VM Arguments:
jvm_args: -Xmx2048m -Dfile.encoding=windows-1252 -Duser.country=US -Duser.language=en -Duser.variant 
java_command: org.gradle.launcher.daemon.bootstrap.GradleDaemon 6.1.1
java_class_path (initial): C:\Users\Advice\.gradle\wrapper\dists\gradle-6.1.1-all\cfmwm155h49vnt3hynmlrsdst\gradle-6.1.1\lib\gradle-launcher-6.1.1.jar
Launcher Type: SUN_STANDARD

Environment Variables:
JAVA_HOME=C:\Program Files\Android\Android Studio\jre
PATH=C:\Program Files (x86)\Common Files\Oracle\Java\javapath;C:\Program Files (x86)\Java\jdk-13.0.1\bin;C:\Program Files\flutter\bin;C:\Program Files\Git\cmd;C:\Users\Advice\AppData\Local\Android\Sdk;C:\Program Files\flutter\bin\cache\dart-sdk\bin;;C:\WINDOWS\system32;C:\WINDOWS;C:\WINDOWS\System32\Wbem;C:\WINDOWS\System32\WindowsPowerShell\v1.0\;C:\WINDOWS\System32\OpenSSH\;C:\Program Files\Microsoft SQL Server\Client SDK\ODBC\170\Tools\Binn\;C:\Program Files (x86)\Microsoft SQL Server\150\Tools\Binn\;C:\Program Files\Microsoft SQL Server\150\Tools\Binn\;C:\Program Files\Microsoft SQL Server\150\DTS\Binn\;C:\Program Files (x86)\Microsoft SQL Server\150\DTS\Binn\;C:\Program Files\dotnet\;C:\Program Files\nodejs\;C:\Users\Advice\AppData\Local\Microsoft\WindowsApps;C:\Program Files\flutter\bin;C:\Program Files\Git;C:\Windows\System32;C:\Program Files\flutter\bin\cache\dart-sdk\bin;C:\Users\Advice\AppData\Local\Programs\Microsoft VS Code\bin;C:\Users\Advice\.dotnet\tools;C:\Users\Advice\AppData\Roaming\npm
USERNAME=Beer
OS=Windows_NT
PROCESSOR_IDENTIFIER=Intel64 Family 6 Model 158 Stepping 13, GenuineIntel



---------------  S Y S T E M  ---------------

OS: Windows 10.0 , 64 bit Build 19041 (10.0.19041.292)

CPU:total 12 (initial active 12) (6 cores per cpu, 2 threads per core) family 6 model 158 stepping 13, cmov, cx8, fxsr, mmx, sse, sse2, sse3, ssse3, sse4.1, sse4.2, popcnt, avx, avx2, aes, clmul, erms, 3dnowpref, lzcnt, ht, tsc, tscinvbit, bmi1, bmi2, adx

Memory: 4k page, physical 8231476k(1889744k free), swap 8231476k(5884k free)

vm_info: OpenJDK 64-Bit Server VM (25.242-b01) for windows-amd64 JRE (1.8.0_242-release-1644-b01), built by "builder" with MS VC++ 10.0 (VS2010)

time: Mon Oct 05 17:50:09 2020
timezone: SE Asia Standard Time
elapsed time: 3 seconds (0d 0h 0m 3s)

